[2024-04-26 22:53:25] local.ERROR: SQLSTATE[42S01]: Base table or view already exists: 1050 Table 'contacts' already exists (Connection: mysql, SQL: create table `contacts` (`id` bigint unsigned not null auto_increment primary key, `created_at` timestamp null, `updated_at` timestamp null, `name` varchar(255) not null, `phone` varchar(255) not null, `email` varchar(255) not null, `subject` varchar(255) not null, `formMessage` varchar(500) not null) default character set utf8mb4 collate 'utf8mb4_unicode_ci') {"exception":"[object] (Illuminate\\Database\\QueryException(code: 42S01): SQLSTATE[42S01]: Base table or view already exists: 1050 Table 'contacts' already exists (Connection: mysql, SQL: create table `contacts` (`id` bigint unsigned not null auto_increment primary key, `created_at` timestamp null, `updated_at` timestamp null, `name` varchar(255) not null, `phone` varchar(255) not null, `email` varchar(255) not null, `subject` varchar(255) not null, `formMessage` varchar(500) not null) default character set utf8mb4 collate 'utf8mb4_unicode_ci') at /var/www/agilizando-o-fututo/vendor/laravel/framework/src/Illuminate/Database/Connection.php:813)
[stacktrace]
#0 /var/www/agilizando-o-fututo/vendor/laravel/framework/src/Illuminate/Database/Connection.php(767): Illuminate\\Database\\Connection->runQueryCallback()
#1 /var/www/agilizando-o-fututo/vendor/laravel/framework/src/Illuminate/Database/Connection.php(560): Illuminate\\Database\\Connection->run()
#2 /var/www/agilizando-o-fututo/vendor/laravel/framework/src/Illuminate/Database/Schema/Blueprint.php(109): Illuminate\\Database\\Connection->statement()
#3 /var/www/agilizando-o-fututo/vendor/laravel/framework/src/Illuminate/Database/Schema/Builder.php(564): Illuminate\\Database\\Schema\\Blueprint->build()
#4 /var/www/agilizando-o-fututo/vendor/laravel/framework/src/Illuminate/Database/Schema/Builder.php(418): Illuminate\\Database\\Schema\\Builder->build()
#5 /var/www/agilizando-o-fututo/vendor/laravel/framework/src/Illuminate/Support/Facades/Facade.php(357): Illuminate\\Database\\Schema\\Builder->create()
#6 /var/www/agilizando-o-fututo/database/migrations/2024_04_22_181903_create_contacts_table.php(14): Illuminate\\Support\\Facades\\Facade::__callStatic()
#7 /var/www/agilizando-o-fututo/vendor/laravel/framework/src/Illuminate/Database/Migrations/Migrator.php(482): Illuminate\\Database\\Migrations\\Migration@anonymous->up()
#8 /var/www/agilizando-o-fututo/vendor/laravel/framework/src/Illuminate/Database/Migrations/Migrator.php(408): Illuminate\\Database\\Migrations\\Migrator->runMethod()
#9 /var/www/agilizando-o-fututo/vendor/laravel/framework/src/Illuminate/Database/Migrations/Migrator.php(417): Illuminate\\Database\\Migrations\\Migrator->Illuminate\\Database\\Migrations\\{closure}()
#10 /var/www/agilizando-o-fututo/vendor/laravel/framework/src/Illuminate/Database/Migrations/Migrator.php(214): Illuminate\\Database\\Migrations\\Migrator->runMigration()
#11 /var/www/agilizando-o-fututo/vendor/laravel/framework/src/Illuminate/Console/View/Components/Task.php(40): Illuminate\\Database\\Migrations\\Migrator->Illuminate\\Database\\Migrations\\{closure}()
#12 /var/www/agilizando-o-fututo/vendor/laravel/framework/src/Illuminate/Database/Migrations/Migrator.php(745): Illuminate\\Console\\View\\Components\\Task->render()
#13 /var/www/agilizando-o-fututo/vendor/laravel/framework/src/Illuminate/Database/Migrations/Migrator.php(214): Illuminate\\Database\\Migrations\\Migrator->write()
#14 /var/www/agilizando-o-fututo/vendor/laravel/framework/src/Illuminate/Database/Migrations/Migrator.php(179): Illuminate\\Database\\Migrations\\Migrator->runUp()
#15 /var/www/agilizando-o-fututo/vendor/laravel/framework/src/Illuminate/Database/Migrations/Migrator.php(122): Illuminate\\Database\\Migrations\\Migrator->runPending()
#16 /var/www/agilizando-o-fututo/vendor/laravel/framework/src/Illuminate/Database/Console/Migrations/MigrateCommand.php(116): Illuminate\\Database\\Migrations\\Migrator->run()
#17 /var/www/agilizando-o-fututo/vendor/laravel/framework/src/Illuminate/Database/Migrations/Migrator.php(622): Illuminate\\Database\\Console\\Migrations\\MigrateCommand->Illuminate\\Database\\Console\\Migrations\\{closure}()
#18 /var/www/agilizando-o-fututo/vendor/laravel/framework/src/Illuminate/Database/Console/Migrations/MigrateCommand.php(109): Illuminate\\Database\\Migrations\\Migrator->usingConnection()
#19 /var/www/agilizando-o-fututo/vendor/laravel/framework/src/Illuminate/Database/Console/Migrations/MigrateCommand.php(88): Illuminate\\Database\\Console\\Migrations\\MigrateCommand->runMigrations()
#20 /var/www/agilizando-o-fututo/vendor/laravel/framework/src/Illuminate/Container/BoundMethod.php(36): Illuminate\\Database\\Console\\Migrations\\MigrateCommand->handle()
#21 /var/www/agilizando-o-fututo/vendor/laravel/framework/src/Illuminate/Container/Util.php(41): Illuminate\\Container\\BoundMethod::Illuminate\\Container\\{closure}()
#22 /var/www/agilizando-o-fututo/vendor/laravel/framework/src/Illuminate/Container/BoundMethod.php(93): Illuminate\\Container\\Util::unwrapIfClosure()
#23 /var/www/agilizando-o-fututo/vendor/laravel/framework/src/Illuminate/Container/BoundMethod.php(35): Illuminate\\Container\\BoundMethod::callBoundMethod()
#24 /var/www/agilizando-o-fututo/vendor/laravel/framework/src/Illuminate/Container/Container.php(662): Illuminate\\Container\\BoundMethod::call()
#25 /var/www/agilizando-o-fututo/vendor/laravel/framework/src/Illuminate/Console/Command.php(212): Illuminate\\Container\\Container->call()
#26 /var/www/agilizando-o-fututo/vendor/symfony/console/Command/Command.php(279): Illuminate\\Console\\Command->execute()
#27 /var/www/agilizando-o-fututo/vendor/laravel/framework/src/Illuminate/Console/Command.php(181): Symfony\\Component\\Console\\Command\\Command->run()
#28 /var/www/agilizando-o-fututo/vendor/symfony/console/Application.php(1049): Illuminate\\Console\\Command->run()
#29 /var/www/agilizando-o-fututo/vendor/symfony/console/Application.php(318): Symfony\\Component\\Console\\Application->doRunCommand()
#30 /var/www/agilizando-o-fututo/vendor/symfony/console/Application.php(169): Symfony\\Component\\Console\\Application->doRun()
#31 /var/www/agilizando-o-fututo/vendor/laravel/framework/src/Illuminate/Foundation/Console/Kernel.php(196): Symfony\\Component\\Console\\Application->run()
#32 /var/www/agilizando-o-fututo/vendor/laravel/framework/src/Illuminate/Foundation/Application.php(1183): Illuminate\\Foundation\\Console\\Kernel->handle()
#33 /var/www/agilizando-o-fututo/artisan(13): Illuminate\\Foundation\\Application->handleCommand()
#34 {main}

[previous exception] [object] (PDOException(code: 42S01): SQLSTATE[42S01]: Base table or view already exists: 1050 Table 'contacts' already exists at /var/www/agilizando-o-fututo/vendor/laravel/framework/src/Illuminate/Database/Connection.php:571)
[stacktrace]
#0 /var/www/agilizando-o-fututo/vendor/laravel/framework/src/Illuminate/Database/Connection.php(571): PDOStatement->execute()
#1 /var/www/agilizando-o-fututo/vendor/laravel/framework/src/Illuminate/Database/Connection.php(800): Illuminate\\Database\\Connection->Illuminate\\Database\\{closure}()
#2 /var/www/agilizando-o-fututo/vendor/laravel/framework/src/Illuminate/Database/Connection.php(767): Illuminate\\Database\\Connection->runQueryCallback()
#3 /var/www/agilizando-o-fututo/vendor/laravel/framework/src/Illuminate/Database/Connection.php(560): Illuminate\\Database\\Connection->run()
#4 /var/www/agilizando-o-fututo/vendor/laravel/framework/src/Illuminate/Database/Schema/Blueprint.php(109): Illuminate\\Database\\Connection->statement()
#5 /var/www/agilizando-o-fututo/vendor/laravel/framework/src/Illuminate/Database/Schema/Builder.php(564): Illuminate\\Database\\Schema\\Blueprint->build()
#6 /var/www/agilizando-o-fututo/vendor/laravel/framework/src/Illuminate/Database/Schema/Builder.php(418): Illuminate\\Database\\Schema\\Builder->build()
#7 /var/www/agilizando-o-fututo/vendor/laravel/framework/src/Illuminate/Support/Facades/Facade.php(357): Illuminate\\Database\\Schema\\Builder->create()
#8 /var/www/agilizando-o-fututo/database/migrations/2024_04_22_181903_create_contacts_table.php(14): Illuminate\\Support\\Facades\\Facade::__callStatic()
#9 /var/www/agilizando-o-fututo/vendor/laravel/framework/src/Illuminate/Database/Migrations/Migrator.php(482): Illuminate\\Database\\Migrations\\Migration@anonymous->up()
#10 /var/www/agilizando-o-fututo/vendor/laravel/framework/src/Illuminate/Database/Migrations/Migrator.php(408): Illuminate\\Database\\Migrations\\Migrator->runMethod()
#11 /var/www/agilizando-o-fututo/vendor/laravel/framework/src/Illuminate/Database/Migrations/Migrator.php(417): Illuminate\\Database\\Migrations\\Migrator->Illuminate\\Database\\Migrations\\{closure}()
#12 /var/www/agilizando-o-fututo/vendor/laravel/framework/src/Illuminate/Database/Migrations/Migrator.php(214): Illuminate\\Database\\Migrations\\Migrator->runMigration()
#13 /var/www/agilizando-o-fututo/vendor/laravel/framework/src/Illuminate/Console/View/Components/Task.php(40): Illuminate\\Database\\Migrations\\Migrator->Illuminate\\Database\\Migrations\\{closure}()
#14 /var/www/agilizando-o-fututo/vendor/laravel/framework/src/Illuminate/Database/Migrations/Migrator.php(745): Illuminate\\Console\\View\\Components\\Task->render()
#15 /var/www/agilizando-o-fututo/vendor/laravel/framework/src/Illuminate/Database/Migrations/Migrator.php(214): Illuminate\\Database\\Migrations\\Migrator->write()
#16 /var/www/agilizando-o-fututo/vendor/laravel/framework/src/Illuminate/Database/Migrations/Migrator.php(179): Illuminate\\Database\\Migrations\\Migrator->runUp()
#17 /var/www/agilizando-o-fututo/vendor/laravel/framework/src/Illuminate/Database/Migrations/Migrator.php(122): Illuminate\\Database\\Migrations\\Migrator->runPending()
#18 /var/www/agilizando-o-fututo/vendor/laravel/framework/src/Illuminate/Database/Console/Migrations/MigrateCommand.php(116): Illuminate\\Database\\Migrations\\Migrator->run()
#19 /var/www/agilizando-o-fututo/vendor/laravel/framework/src/Illuminate/Database/Migrations/Migrator.php(622): Illuminate\\Database\\Console\\Migrations\\MigrateCommand->Illuminate\\Database\\Console\\Migrations\\{closure}()
#20 /var/www/agilizando-o-fututo/vendor/laravel/framework/src/Illuminate/Database/Console/Migrations/MigrateCommand.php(109): Illuminate\\Database\\Migrations\\Migrator->usingConnection()
#21 /var/www/agilizando-o-fututo/vendor/laravel/framework/src/Illuminate/Database/Console/Migrations/MigrateCommand.php(88): Illuminate\\Database\\Console\\Migrations\\MigrateCommand->runMigrations()
#22 /var/www/agilizando-o-fututo/vendor/laravel/framework/src/Illuminate/Container/BoundMethod.php(36): Illuminate\\Database\\Console\\Migrations\\MigrateCommand->handle()
#23 /var/www/agilizando-o-fututo/vendor/laravel/framework/src/Illuminate/Container/Util.php(41): Illuminate\\Container\\BoundMethod::Illuminate\\Container\\{closure}()
#24 /var/www/agilizando-o-fututo/vendor/laravel/framework/src/Illuminate/Container/BoundMethod.php(93): Illuminate\\Container\\Util::unwrapIfClosure()
#25 /var/www/agilizando-o-fututo/vendor/laravel/framework/src/Illuminate/Container/BoundMethod.php(35): Illuminate\\Container\\BoundMethod::callBoundMethod()
#26 /var/www/agilizando-o-fututo/vendor/laravel/framework/src/Illuminate/Container/Container.php(662): Illuminate\\Container\\BoundMethod::call()
#27 /var/www/agilizando-o-fututo/vendor/laravel/framework/src/Illuminate/Console/Command.php(212): Illuminate\\Container\\Container->call()
#28 /var/www/agilizando-o-fututo/vendor/symfony/console/Command/Command.php(279): Illuminate\\Console\\Command->execute()
#29 /var/www/agilizando-o-fututo/vendor/laravel/framework/src/Illuminate/Console/Command.php(181): Symfony\\Component\\Console\\Command\\Command->run()
#30 /var/www/agilizando-o-fututo/vendor/symfony/console/Application.php(1049): Illuminate\\Console\\Command->run()
#31 /var/www/agilizando-o-fututo/vendor/symfony/console/Application.php(318): Symfony\\Component\\Console\\Application->doRunCommand()
#32 /var/www/agilizando-o-fututo/vendor/symfony/console/Application.php(169): Symfony\\Component\\Console\\Application->doRun()
#33 /var/www/agilizando-o-fututo/vendor/laravel/framework/src/Illuminate/Foundation/Console/Kernel.php(196): Symfony\\Component\\Console\\Application->run()
#34 /var/www/agilizando-o-fututo/vendor/laravel/framework/src/Illuminate/Foundation/Application.php(1183): Illuminate\\Foundation\\Console\\Kernel->handle()
#35 /var/www/agilizando-o-fututo/artisan(13): Illuminate\\Foundation\\Application->handleCommand()
#36 {main}
"} 
[2024-04-26 23:22:58] local.INFO: Contato criado com sucesso! IP do cliente: 127.0.0.1  
[2024-04-27 11:36:18] local.ERROR: syntax error, unexpected token "<<", expecting end of file {"exception":"[object] (ParseError(code: 0): syntax error, unexpected token \"<<\", expecting end of file at /var/www/agilizando-o-fututo/routes/web.php:45)
[stacktrace]
#0 /var/www/agilizando-o-fututo/vendor/laravel/framework/src/Illuminate/Routing/Router.php(511): Illuminate\\Routing\\RouteFileRegistrar->register()
#1 /var/www/agilizando-o-fututo/vendor/laravel/framework/src/Illuminate/Routing/Router.php(465): Illuminate\\Routing\\Router->loadRoutes()
#2 /var/www/agilizando-o-fututo/vendor/laravel/framework/src/Illuminate/Routing/RouteRegistrar.php(194): Illuminate\\Routing\\Router->group()
#3 /var/www/agilizando-o-fututo/vendor/laravel/framework/src/Illuminate/Foundation/Configuration/ApplicationBuilder.php(206): Illuminate\\Routing\\RouteRegistrar->group()
#4 /var/www/agilizando-o-fututo/vendor/laravel/framework/src/Illuminate/Container/BoundMethod.php(36): Illuminate\\Foundation\\Configuration\\ApplicationBuilder->Illuminate\\Foundation\\Configuration\\{closure}()
#5 /var/www/agilizando-o-fututo/vendor/laravel/framework/src/Illuminate/Container/Util.php(41): Illuminate\\Container\\BoundMethod::Illuminate\\Container\\{closure}()
#6 /var/www/agilizando-o-fututo/vendor/laravel/framework/src/Illuminate/Container/BoundMethod.php(81): Illuminate\\Container\\Util::unwrapIfClosure()
#7 /var/www/agilizando-o-fututo/vendor/laravel/framework/src/Illuminate/Container/BoundMethod.php(35): Illuminate\\Container\\BoundMethod::callBoundMethod()
#8 /var/www/agilizando-o-fututo/vendor/laravel/framework/src/Illuminate/Container/Container.php(662): Illuminate\\Container\\BoundMethod::call()
#9 /var/www/agilizando-o-fututo/vendor/laravel/framework/src/Illuminate/Foundation/Support/Providers/RouteServiceProvider.php(138): Illuminate\\Container\\Container->call()
#10 /var/www/agilizando-o-fututo/vendor/laravel/framework/src/Illuminate/Foundation/Support/Providers/RouteServiceProvider.php(52): Illuminate\\Foundation\\Support\\Providers\\RouteServiceProvider->loadRoutes()
#11 /var/www/agilizando-o-fututo/vendor/laravel/framework/src/Illuminate/Container/BoundMethod.php(36): Illuminate\\Foundation\\Support\\Providers\\RouteServiceProvider->Illuminate\\Foundation\\Support\\Providers\\{closure}()
#12 /var/www/agilizando-o-fututo/vendor/laravel/framework/src/Illuminate/Container/Util.php(41): Illuminate\\Container\\BoundMethod::Illuminate\\Container\\{closure}()
#13 /var/www/agilizando-o-fututo/vendor/laravel/framework/src/Illuminate/Container/BoundMethod.php(81): Illuminate\\Container\\Util::unwrapIfClosure()
#14 /var/www/agilizando-o-fututo/vendor/laravel/framework/src/Illuminate/Container/BoundMethod.php(35): Illuminate\\Container\\BoundMethod::callBoundMethod()
#15 /var/www/agilizando-o-fututo/vendor/laravel/framework/src/Illuminate/Container/Container.php(662): Illuminate\\Container\\BoundMethod::call()
#16 /var/www/agilizando-o-fututo/vendor/laravel/framework/src/Illuminate/Support/ServiceProvider.php(126): Illuminate\\Container\\Container->call()
#17 /var/www/agilizando-o-fututo/vendor/laravel/framework/src/Illuminate/Foundation/Application.php(1102): Illuminate\\Support\\ServiceProvider->callBootedCallbacks()
#18 /var/www/agilizando-o-fututo/vendor/laravel/framework/src/Illuminate/Foundation/Application.php(1080): Illuminate\\Foundation\\Application->bootProvider()
#19 [internal function]: Illuminate\\Foundation\\Application->Illuminate\\Foundation\\{closure}()
#20 /var/www/agilizando-o-fututo/vendor/laravel/framework/src/Illuminate/Foundation/Application.php(1079): array_walk()
#21 /var/www/agilizando-o-fututo/vendor/laravel/framework/src/Illuminate/Foundation/Bootstrap/BootProviders.php(17): Illuminate\\Foundation\\Application->boot()
#22 /var/www/agilizando-o-fututo/vendor/laravel/framework/src/Illuminate/Foundation/Application.php(309): Illuminate\\Foundation\\Bootstrap\\BootProviders->bootstrap()
#23 /var/www/agilizando-o-fututo/vendor/laravel/framework/src/Illuminate/Foundation/Http/Kernel.php(186): Illuminate\\Foundation\\Application->bootstrapWith()
#24 /var/www/agilizando-o-fututo/vendor/laravel/framework/src/Illuminate/Foundation/Http/Kernel.php(170): Illuminate\\Foundation\\Http\\Kernel->bootstrap()
#25 /var/www/agilizando-o-fututo/vendor/laravel/framework/src/Illuminate/Foundation/Http/Kernel.php(144): Illuminate\\Foundation\\Http\\Kernel->sendRequestThroughRouter()
#26 /var/www/agilizando-o-fututo/vendor/laravel/framework/src/Illuminate/Foundation/Application.php(1168): Illuminate\\Foundation\\Http\\Kernel->handle()
#27 /var/www/agilizando-o-fututo/public/index.php(17): Illuminate\\Foundation\\Application->handleRequest()
#28 /var/www/agilizando-o-fututo/vendor/laravel/framework/src/Illuminate/Foundation/resources/server.php(16): require_once('...')
#29 {main}
"} 
[2024-04-27 11:36:23] local.ERROR: syntax error, unexpected token "<<", expecting end of file {"exception":"[object] (ParseError(code: 0): syntax error, unexpected token \"<<\", expecting end of file at /var/www/agilizando-o-fututo/routes/web.php:45)
[stacktrace]
#0 /var/www/agilizando-o-fututo/vendor/laravel/framework/src/Illuminate/Routing/Router.php(511): Illuminate\\Routing\\RouteFileRegistrar->register()
#1 /var/www/agilizando-o-fututo/vendor/laravel/framework/src/Illuminate/Routing/Router.php(465): Illuminate\\Routing\\Router->loadRoutes()
#2 /var/www/agilizando-o-fututo/vendor/laravel/framework/src/Illuminate/Routing/RouteRegistrar.php(194): Illuminate\\Routing\\Router->group()
#3 /var/www/agilizando-o-fututo/vendor/laravel/framework/src/Illuminate/Foundation/Configuration/ApplicationBuilder.php(206): Illuminate\\Routing\\RouteRegistrar->group()
#4 /var/www/agilizando-o-fututo/vendor/laravel/framework/src/Illuminate/Container/BoundMethod.php(36): Illuminate\\Foundation\\Configuration\\ApplicationBuilder->Illuminate\\Foundation\\Configuration\\{closure}()
#5 /var/www/agilizando-o-fututo/vendor/laravel/framework/src/Illuminate/Container/Util.php(41): Illuminate\\Container\\BoundMethod::Illuminate\\Container\\{closure}()
#6 /var/www/agilizando-o-fututo/vendor/laravel/framework/src/Illuminate/Container/BoundMethod.php(81): Illuminate\\Container\\Util::unwrapIfClosure()
#7 /var/www/agilizando-o-fututo/vendor/laravel/framework/src/Illuminate/Container/BoundMethod.php(35): Illuminate\\Container\\BoundMethod::callBoundMethod()
#8 /var/www/agilizando-o-fututo/vendor/laravel/framework/src/Illuminate/Container/Container.php(662): Illuminate\\Container\\BoundMethod::call()
#9 /var/www/agilizando-o-fututo/vendor/laravel/framework/src/Illuminate/Foundation/Support/Providers/RouteServiceProvider.php(138): Illuminate\\Container\\Container->call()
#10 /var/www/agilizando-o-fututo/vendor/laravel/framework/src/Illuminate/Foundation/Support/Providers/RouteServiceProvider.php(52): Illuminate\\Foundation\\Support\\Providers\\RouteServiceProvider->loadRoutes()
#11 /var/www/agilizando-o-fututo/vendor/laravel/framework/src/Illuminate/Container/BoundMethod.php(36): Illuminate\\Foundation\\Support\\Providers\\RouteServiceProvider->Illuminate\\Foundation\\Support\\Providers\\{closure}()
#12 /var/www/agilizando-o-fututo/vendor/laravel/framework/src/Illuminate/Container/Util.php(41): Illuminate\\Container\\BoundMethod::Illuminate\\Container\\{closure}()
#13 /var/www/agilizando-o-fututo/vendor/laravel/framework/src/Illuminate/Container/BoundMethod.php(81): Illuminate\\Container\\Util::unwrapIfClosure()
#14 /var/www/agilizando-o-fututo/vendor/laravel/framework/src/Illuminate/Container/BoundMethod.php(35): Illuminate\\Container\\BoundMethod::callBoundMethod()
#15 /var/www/agilizando-o-fututo/vendor/laravel/framework/src/Illuminate/Container/Container.php(662): Illuminate\\Container\\BoundMethod::call()
#16 /var/www/agilizando-o-fututo/vendor/laravel/framework/src/Illuminate/Support/ServiceProvider.php(126): Illuminate\\Container\\Container->call()
#17 /var/www/agilizando-o-fututo/vendor/laravel/framework/src/Illuminate/Foundation/Application.php(1102): Illuminate\\Support\\ServiceProvider->callBootedCallbacks()
#18 /var/www/agilizando-o-fututo/vendor/laravel/framework/src/Illuminate/Foundation/Application.php(1080): Illuminate\\Foundation\\Application->bootProvider()
#19 [internal function]: Illuminate\\Foundation\\Application->Illuminate\\Foundation\\{closure}()
#20 /var/www/agilizando-o-fututo/vendor/laravel/framework/src/Illuminate/Foundation/Application.php(1079): array_walk()
#21 /var/www/agilizando-o-fututo/vendor/laravel/framework/src/Illuminate/Foundation/Bootstrap/BootProviders.php(17): Illuminate\\Foundation\\Application->boot()
#22 /var/www/agilizando-o-fututo/vendor/laravel/framework/src/Illuminate/Foundation/Application.php(309): Illuminate\\Foundation\\Bootstrap\\BootProviders->bootstrap()
#23 /var/www/agilizando-o-fututo/vendor/laravel/framework/src/Illuminate/Foundation/Console/Kernel.php(470): Illuminate\\Foundation\\Application->bootstrapWith()
#24 /var/www/agilizando-o-fututo/vendor/laravel/framework/src/Illuminate/Foundation/Console/Kernel.php(194): Illuminate\\Foundation\\Console\\Kernel->bootstrap()
#25 Command line code(1): Illuminate\\Foundation\\Console\\Kernel->handle()
#26 {main}
"} 
[2024-04-27 11:36:23] local.ERROR: syntax error, unexpected token "<<", expecting end of file {"exception":"[object] (ParseError(code: 0): syntax error, unexpected token \"<<\", expecting end of file at /var/www/agilizando-o-fututo/routes/web.php:45)
[stacktrace]
#0 /var/www/agilizando-o-fututo/vendor/laravel/framework/src/Illuminate/Routing/Router.php(511): Illuminate\\Routing\\RouteFileRegistrar->register()
#1 /var/www/agilizando-o-fututo/vendor/laravel/framework/src/Illuminate/Routing/Router.php(465): Illuminate\\Routing\\Router->loadRoutes()
#2 /var/www/agilizando-o-fututo/vendor/laravel/framework/src/Illuminate/Routing/RouteRegistrar.php(194): Illuminate\\Routing\\Router->group()
#3 /var/www/agilizando-o-fututo/vendor/laravel/framework/src/Illuminate/Foundation/Configuration/ApplicationBuilder.php(206): Illuminate\\Routing\\RouteRegistrar->group()
#4 /var/www/agilizando-o-fututo/vendor/laravel/framework/src/Illuminate/Container/BoundMethod.php(36): Illuminate\\Foundation\\Configuration\\ApplicationBuilder->Illuminate\\Foundation\\Configuration\\{closure}()
#5 /var/www/agilizando-o-fututo/vendor/laravel/framework/src/Illuminate/Container/Util.php(41): Illuminate\\Container\\BoundMethod::Illuminate\\Container\\{closure}()
#6 /var/www/agilizando-o-fututo/vendor/laravel/framework/src/Illuminate/Container/BoundMethod.php(81): Illuminate\\Container\\Util::unwrapIfClosure()
#7 /var/www/agilizando-o-fututo/vendor/laravel/framework/src/Illuminate/Container/BoundMethod.php(35): Illuminate\\Container\\BoundMethod::callBoundMethod()
#8 /var/www/agilizando-o-fututo/vendor/laravel/framework/src/Illuminate/Container/Container.php(662): Illuminate\\Container\\BoundMethod::call()
#9 /var/www/agilizando-o-fututo/vendor/laravel/framework/src/Illuminate/Foundation/Support/Providers/RouteServiceProvider.php(138): Illuminate\\Container\\Container->call()
#10 /var/www/agilizando-o-fututo/vendor/laravel/framework/src/Illuminate/Foundation/Support/Providers/RouteServiceProvider.php(52): Illuminate\\Foundation\\Support\\Providers\\RouteServiceProvider->loadRoutes()
#11 /var/www/agilizando-o-fututo/vendor/laravel/framework/src/Illuminate/Container/BoundMethod.php(36): Illuminate\\Foundation\\Support\\Providers\\RouteServiceProvider->Illuminate\\Foundation\\Support\\Providers\\{closure}()
#12 /var/www/agilizando-o-fututo/vendor/laravel/framework/src/Illuminate/Container/Util.php(41): Illuminate\\Container\\BoundMethod::Illuminate\\Container\\{closure}()
#13 /var/www/agilizando-o-fututo/vendor/laravel/framework/src/Illuminate/Container/BoundMethod.php(81): Illuminate\\Container\\Util::unwrapIfClosure()
#14 /var/www/agilizando-o-fututo/vendor/laravel/framework/src/Illuminate/Container/BoundMethod.php(35): Illuminate\\Container\\BoundMethod::callBoundMethod()
#15 /var/www/agilizando-o-fututo/vendor/laravel/framework/src/Illuminate/Container/Container.php(662): Illuminate\\Container\\BoundMethod::call()
#16 /var/www/agilizando-o-fututo/vendor/laravel/framework/src/Illuminate/Support/ServiceProvider.php(126): Illuminate\\Container\\Container->call()
#17 /var/www/agilizando-o-fututo/vendor/laravel/framework/src/Illuminate/Foundation/Application.php(1102): Illuminate\\Support\\ServiceProvider->callBootedCallbacks()
#18 /var/www/agilizando-o-fututo/vendor/laravel/framework/src/Illuminate/Foundation/Application.php(1080): Illuminate\\Foundation\\Application->bootProvider()
#19 [internal function]: Illuminate\\Foundation\\Application->Illuminate\\Foundation\\{closure}()
#20 /var/www/agilizando-o-fututo/vendor/laravel/framework/src/Illuminate/Foundation/Application.php(1079): array_walk()
#21 /var/www/agilizando-o-fututo/vendor/laravel/framework/src/Illuminate/Foundation/Bootstrap/BootProviders.php(17): Illuminate\\Foundation\\Application->boot()
#22 /var/www/agilizando-o-fututo/vendor/laravel/framework/src/Illuminate/Foundation/Application.php(309): Illuminate\\Foundation\\Bootstrap\\BootProviders->bootstrap()
#23 /var/www/agilizando-o-fututo/vendor/laravel/framework/src/Illuminate/Foundation/Console/Kernel.php(470): Illuminate\\Foundation\\Application->bootstrapWith()
#24 /var/www/agilizando-o-fututo/vendor/laravel/framework/src/Illuminate/Foundation/Console/Kernel.php(194): Illuminate\\Foundation\\Console\\Kernel->bootstrap()
#25 Command line code(1): Illuminate\\Foundation\\Console\\Kernel->handle()
#26 {main}
"} 
[2024-04-27 11:36:28] local.ERROR: syntax error, unexpected token "<<", expecting end of file {"exception":"[object] (ParseError(code: 0): syntax error, unexpected token \"<<\", expecting end of file at /var/www/agilizando-o-fututo/routes/web.php:45)
[stacktrace]
#0 /var/www/agilizando-o-fututo/vendor/laravel/framework/src/Illuminate/Routing/Router.php(511): Illuminate\\Routing\\RouteFileRegistrar->register()
#1 /var/www/agilizando-o-fututo/vendor/laravel/framework/src/Illuminate/Routing/Router.php(465): Illuminate\\Routing\\Router->loadRoutes()
#2 /var/www/agilizando-o-fututo/vendor/laravel/framework/src/Illuminate/Routing/RouteRegistrar.php(194): Illuminate\\Routing\\Router->group()
#3 /var/www/agilizando-o-fututo/vendor/laravel/framework/src/Illuminate/Foundation/Configuration/ApplicationBuilder.php(206): Illuminate\\Routing\\RouteRegistrar->group()
#4 /var/www/agilizando-o-fututo/vendor/laravel/framework/src/Illuminate/Container/BoundMethod.php(36): Illuminate\\Foundation\\Configuration\\ApplicationBuilder->Illuminate\\Foundation\\Configuration\\{closure}()
#5 /var/www/agilizando-o-fututo/vendor/laravel/framework/src/Illuminate/Container/Util.php(41): Illuminate\\Container\\BoundMethod::Illuminate\\Container\\{closure}()
#6 /var/www/agilizando-o-fututo/vendor/laravel/framework/src/Illuminate/Container/BoundMethod.php(81): Illuminate\\Container\\Util::unwrapIfClosure()
#7 /var/www/agilizando-o-fututo/vendor/laravel/framework/src/Illuminate/Container/BoundMethod.php(35): Illuminate\\Container\\BoundMethod::callBoundMethod()
#8 /var/www/agilizando-o-fututo/vendor/laravel/framework/src/Illuminate/Container/Container.php(662): Illuminate\\Container\\BoundMethod::call()
#9 /var/www/agilizando-o-fututo/vendor/laravel/framework/src/Illuminate/Foundation/Support/Providers/RouteServiceProvider.php(138): Illuminate\\Container\\Container->call()
#10 /var/www/agilizando-o-fututo/vendor/laravel/framework/src/Illuminate/Foundation/Support/Providers/RouteServiceProvider.php(52): Illuminate\\Foundation\\Support\\Providers\\RouteServiceProvider->loadRoutes()
#11 /var/www/agilizando-o-fututo/vendor/laravel/framework/src/Illuminate/Container/BoundMethod.php(36): Illuminate\\Foundation\\Support\\Providers\\RouteServiceProvider->Illuminate\\Foundation\\Support\\Providers\\{closure}()
#12 /var/www/agilizando-o-fututo/vendor/laravel/framework/src/Illuminate/Container/Util.php(41): Illuminate\\Container\\BoundMethod::Illuminate\\Container\\{closure}()
#13 /var/www/agilizando-o-fututo/vendor/laravel/framework/src/Illuminate/Container/BoundMethod.php(81): Illuminate\\Container\\Util::unwrapIfClosure()
#14 /var/www/agilizando-o-fututo/vendor/laravel/framework/src/Illuminate/Container/BoundMethod.php(35): Illuminate\\Container\\BoundMethod::callBoundMethod()
#15 /var/www/agilizando-o-fututo/vendor/laravel/framework/src/Illuminate/Container/Container.php(662): Illuminate\\Container\\BoundMethod::call()
#16 /var/www/agilizando-o-fututo/vendor/laravel/framework/src/Illuminate/Support/ServiceProvider.php(126): Illuminate\\Container\\Container->call()
#17 /var/www/agilizando-o-fututo/vendor/laravel/framework/src/Illuminate/Foundation/Application.php(1102): Illuminate\\Support\\ServiceProvider->callBootedCallbacks()
#18 /var/www/agilizando-o-fututo/vendor/laravel/framework/src/Illuminate/Foundation/Application.php(1080): Illuminate\\Foundation\\Application->bootProvider()
#19 [internal function]: Illuminate\\Foundation\\Application->Illuminate\\Foundation\\{closure}()
#20 /var/www/agilizando-o-fututo/vendor/laravel/framework/src/Illuminate/Foundation/Application.php(1079): array_walk()
#21 /var/www/agilizando-o-fututo/vendor/laravel/framework/src/Illuminate/Foundation/Bootstrap/BootProviders.php(17): Illuminate\\Foundation\\Application->boot()
#22 /var/www/agilizando-o-fututo/vendor/laravel/framework/src/Illuminate/Foundation/Application.php(309): Illuminate\\Foundation\\Bootstrap\\BootProviders->bootstrap()
#23 /var/www/agilizando-o-fututo/vendor/laravel/framework/src/Illuminate/Foundation/Console/Kernel.php(470): Illuminate\\Foundation\\Application->bootstrapWith()
#24 /var/www/agilizando-o-fututo/vendor/laravel/framework/src/Illuminate/Foundation/Console/Kernel.php(194): Illuminate\\Foundation\\Console\\Kernel->bootstrap()
#25 Command line code(1): Illuminate\\Foundation\\Console\\Kernel->handle()
#26 {main}
"} 
[2024-04-27 11:36:28] local.ERROR: syntax error, unexpected token "<<", expecting end of file {"exception":"[object] (ParseError(code: 0): syntax error, unexpected token \"<<\", expecting end of file at /var/www/agilizando-o-fututo/routes/web.php:45)
[stacktrace]
#0 /var/www/agilizando-o-fututo/vendor/laravel/framework/src/Illuminate/Routing/Router.php(511): Illuminate\\Routing\\RouteFileRegistrar->register()
#1 /var/www/agilizando-o-fututo/vendor/laravel/framework/src/Illuminate/Routing/Router.php(465): Illuminate\\Routing\\Router->loadRoutes()
#2 /var/www/agilizando-o-fututo/vendor/laravel/framework/src/Illuminate/Routing/RouteRegistrar.php(194): Illuminate\\Routing\\Router->group()
#3 /var/www/agilizando-o-fututo/vendor/laravel/framework/src/Illuminate/Foundation/Configuration/ApplicationBuilder.php(206): Illuminate\\Routing\\RouteRegistrar->group()
#4 /var/www/agilizando-o-fututo/vendor/laravel/framework/src/Illuminate/Container/BoundMethod.php(36): Illuminate\\Foundation\\Configuration\\ApplicationBuilder->Illuminate\\Foundation\\Configuration\\{closure}()
#5 /var/www/agilizando-o-fututo/vendor/laravel/framework/src/Illuminate/Container/Util.php(41): Illuminate\\Container\\BoundMethod::Illuminate\\Container\\{closure}()
#6 /var/www/agilizando-o-fututo/vendor/laravel/framework/src/Illuminate/Container/BoundMethod.php(81): Illuminate\\Container\\Util::unwrapIfClosure()
#7 /var/www/agilizando-o-fututo/vendor/laravel/framework/src/Illuminate/Container/BoundMethod.php(35): Illuminate\\Container\\BoundMethod::callBoundMethod()
#8 /var/www/agilizando-o-fututo/vendor/laravel/framework/src/Illuminate/Container/Container.php(662): Illuminate\\Container\\BoundMethod::call()
#9 /var/www/agilizando-o-fututo/vendor/laravel/framework/src/Illuminate/Foundation/Support/Providers/RouteServiceProvider.php(138): Illuminate\\Container\\Container->call()
#10 /var/www/agilizando-o-fututo/vendor/laravel/framework/src/Illuminate/Foundation/Support/Providers/RouteServiceProvider.php(52): Illuminate\\Foundation\\Support\\Providers\\RouteServiceProvider->loadRoutes()
#11 /var/www/agilizando-o-fututo/vendor/laravel/framework/src/Illuminate/Container/BoundMethod.php(36): Illuminate\\Foundation\\Support\\Providers\\RouteServiceProvider->Illuminate\\Foundation\\Support\\Providers\\{closure}()
#12 /var/www/agilizando-o-fututo/vendor/laravel/framework/src/Illuminate/Container/Util.php(41): Illuminate\\Container\\BoundMethod::Illuminate\\Container\\{closure}()
#13 /var/www/agilizando-o-fututo/vendor/laravel/framework/src/Illuminate/Container/BoundMethod.php(81): Illuminate\\Container\\Util::unwrapIfClosure()
#14 /var/www/agilizando-o-fututo/vendor/laravel/framework/src/Illuminate/Container/BoundMethod.php(35): Illuminate\\Container\\BoundMethod::callBoundMethod()
#15 /var/www/agilizando-o-fututo/vendor/laravel/framework/src/Illuminate/Container/Container.php(662): Illuminate\\Container\\BoundMethod::call()
#16 /var/www/agilizando-o-fututo/vendor/laravel/framework/src/Illuminate/Support/ServiceProvider.php(126): Illuminate\\Container\\Container->call()
#17 /var/www/agilizando-o-fututo/vendor/laravel/framework/src/Illuminate/Foundation/Application.php(1102): Illuminate\\Support\\ServiceProvider->callBootedCallbacks()
#18 /var/www/agilizando-o-fututo/vendor/laravel/framework/src/Illuminate/Foundation/Application.php(1080): Illuminate\\Foundation\\Application->bootProvider()
#19 [internal function]: Illuminate\\Foundation\\Application->Illuminate\\Foundation\\{closure}()
#20 /var/www/agilizando-o-fututo/vendor/laravel/framework/src/Illuminate/Foundation/Application.php(1079): array_walk()
#21 /var/www/agilizando-o-fututo/vendor/laravel/framework/src/Illuminate/Foundation/Bootstrap/BootProviders.php(17): Illuminate\\Foundation\\Application->boot()
#22 /var/www/agilizando-o-fututo/vendor/laravel/framework/src/Illuminate/Foundation/Application.php(309): Illuminate\\Foundation\\Bootstrap\\BootProviders->bootstrap()
#23 /var/www/agilizando-o-fututo/vendor/laravel/framework/src/Illuminate/Foundation/Console/Kernel.php(470): Illuminate\\Foundation\\Application->bootstrapWith()
#24 /var/www/agilizando-o-fututo/vendor/laravel/framework/src/Illuminate/Foundation/Console/Kernel.php(194): Illuminate\\Foundation\\Console\\Kernel->bootstrap()
#25 Command line code(1): Illuminate\\Foundation\\Console\\Kernel->handle()
#26 {main}
"} 
[2024-04-27 11:36:28] local.ERROR: syntax error, unexpected token "<<", expecting end of file {"exception":"[object] (ParseError(code: 0): syntax error, unexpected token \"<<\", expecting end of file at /var/www/agilizando-o-fututo/routes/web.php:45)
[stacktrace]
#0 /var/www/agilizando-o-fututo/vendor/laravel/framework/src/Illuminate/Routing/Router.php(511): Illuminate\\Routing\\RouteFileRegistrar->register()
#1 /var/www/agilizando-o-fututo/vendor/laravel/framework/src/Illuminate/Routing/Router.php(465): Illuminate\\Routing\\Router->loadRoutes()
#2 /var/www/agilizando-o-fututo/vendor/laravel/framework/src/Illuminate/Routing/RouteRegistrar.php(194): Illuminate\\Routing\\Router->group()
#3 /var/www/agilizando-o-fututo/vendor/laravel/framework/src/Illuminate/Foundation/Configuration/ApplicationBuilder.php(206): Illuminate\\Routing\\RouteRegistrar->group()
#4 /var/www/agilizando-o-fututo/vendor/laravel/framework/src/Illuminate/Container/BoundMethod.php(36): Illuminate\\Foundation\\Configuration\\ApplicationBuilder->Illuminate\\Foundation\\Configuration\\{closure}()
#5 /var/www/agilizando-o-fututo/vendor/laravel/framework/src/Illuminate/Container/Util.php(41): Illuminate\\Container\\BoundMethod::Illuminate\\Container\\{closure}()
#6 /var/www/agilizando-o-fututo/vendor/laravel/framework/src/Illuminate/Container/BoundMethod.php(81): Illuminate\\Container\\Util::unwrapIfClosure()
#7 /var/www/agilizando-o-fututo/vendor/laravel/framework/src/Illuminate/Container/BoundMethod.php(35): Illuminate\\Container\\BoundMethod::callBoundMethod()
#8 /var/www/agilizando-o-fututo/vendor/laravel/framework/src/Illuminate/Container/Container.php(662): Illuminate\\Container\\BoundMethod::call()
#9 /var/www/agilizando-o-fututo/vendor/laravel/framework/src/Illuminate/Foundation/Support/Providers/RouteServiceProvider.php(138): Illuminate\\Container\\Container->call()
#10 /var/www/agilizando-o-fututo/vendor/laravel/framework/src/Illuminate/Foundation/Support/Providers/RouteServiceProvider.php(52): Illuminate\\Foundation\\Support\\Providers\\RouteServiceProvider->loadRoutes()
#11 /var/www/agilizando-o-fututo/vendor/laravel/framework/src/Illuminate/Container/BoundMethod.php(36): Illuminate\\Foundation\\Support\\Providers\\RouteServiceProvider->Illuminate\\Foundation\\Support\\Providers\\{closure}()
#12 /var/www/agilizando-o-fututo/vendor/laravel/framework/src/Illuminate/Container/Util.php(41): Illuminate\\Container\\BoundMethod::Illuminate\\Container\\{closure}()
#13 /var/www/agilizando-o-fututo/vendor/laravel/framework/src/Illuminate/Container/BoundMethod.php(81): Illuminate\\Container\\Util::unwrapIfClosure()
#14 /var/www/agilizando-o-fututo/vendor/laravel/framework/src/Illuminate/Container/BoundMethod.php(35): Illuminate\\Container\\BoundMethod::callBoundMethod()
#15 /var/www/agilizando-o-fututo/vendor/laravel/framework/src/Illuminate/Container/Container.php(662): Illuminate\\Container\\BoundMethod::call()
#16 /var/www/agilizando-o-fututo/vendor/laravel/framework/src/Illuminate/Support/ServiceProvider.php(126): Illuminate\\Container\\Container->call()
#17 /var/www/agilizando-o-fututo/vendor/laravel/framework/src/Illuminate/Foundation/Application.php(1102): Illuminate\\Support\\ServiceProvider->callBootedCallbacks()
#18 /var/www/agilizando-o-fututo/vendor/laravel/framework/src/Illuminate/Foundation/Application.php(1080): Illuminate\\Foundation\\Application->bootProvider()
#19 [internal function]: Illuminate\\Foundation\\Application->Illuminate\\Foundation\\{closure}()
#20 /var/www/agilizando-o-fututo/vendor/laravel/framework/src/Illuminate/Foundation/Application.php(1079): array_walk()
#21 /var/www/agilizando-o-fututo/vendor/laravel/framework/src/Illuminate/Foundation/Bootstrap/BootProviders.php(17): Illuminate\\Foundation\\Application->boot()
#22 /var/www/agilizando-o-fututo/vendor/laravel/framework/src/Illuminate/Foundation/Application.php(309): Illuminate\\Foundation\\Bootstrap\\BootProviders->bootstrap()
#23 /var/www/agilizando-o-fututo/vendor/laravel/framework/src/Illuminate/Foundation/Console/Kernel.php(470): Illuminate\\Foundation\\Application->bootstrapWith()
#24 /var/www/agilizando-o-fututo/vendor/laravel/framework/src/Illuminate/Foundation/Console/Kernel.php(194): Illuminate\\Foundation\\Console\\Kernel->bootstrap()
#25 Command line code(1): Illuminate\\Foundation\\Console\\Kernel->handle()
#26 {main}
"} 
[2024-04-27 11:36:49] local.ERROR: syntax error, unexpected token "<<", expecting ";" or "{" {"view":{"view":"/var/www/agilizando-o-fututo/resources/views/app.blade.php","data":[]},"exception":"[object] (Spatie\\LaravelIgnition\\Exceptions\\ViewException(code: 0): syntax error, unexpected token \"<<\", expecting \";\" or \"{\" at /var/www/agilizando-o-fututo/app/Http/Controllers/ContactController.php:23)
[stacktrace]
#0 /var/www/agilizando-o-fututo/vendor/composer/ClassLoader.php(427): Composer\\Autoload\\{closure}()
#1 [internal function]: Composer\\Autoload\\ClassLoader->loadClass()
#2 /var/www/agilizando-o-fututo/vendor/laravel/framework/src/Illuminate/Routing/RouteSignatureParameters.php(46): method_exists()
#3 /var/www/agilizando-o-fututo/vendor/laravel/framework/src/Illuminate/Routing/RouteSignatureParameters.php(26): Illuminate\\Routing\\RouteSignatureParameters::fromClassMethodString()
#4 /var/www/agilizando-o-fututo/vendor/laravel/framework/src/Illuminate/Routing/Route.php(538): Illuminate\\Routing\\RouteSignatureParameters::fromAction()
#5 /var/www/agilizando-o-fututo/vendor/tightenco/ziggy/src/Ziggy.php(198): Illuminate\\Routing\\Route->signatureParameters()
#6 /var/www/agilizando-o-fututo/vendor/tightenco/ziggy/src/Ziggy.php(134): Tighten\\Ziggy\\Ziggy->resolveBindings()
#7 /var/www/agilizando-o-fututo/vendor/tightenco/ziggy/src/Ziggy.php(30): Tighten\\Ziggy\\Ziggy->nameKeyedRoutes()
#8 /var/www/agilizando-o-fututo/vendor/tightenco/ziggy/src/BladeRouteGenerator.php(14): Tighten\\Ziggy\\Ziggy->__construct()
#9 /var/www/agilizando-o-fututo/resources/views/app.blade.php(14): Tighten\\Ziggy\\BladeRouteGenerator->generate()
#10 /var/www/agilizando-o-fututo/vendor/laravel/framework/src/Illuminate/Filesystem/Filesystem.php(123): require('...')
#11 /var/www/agilizando-o-fututo/vendor/laravel/framework/src/Illuminate/Filesystem/Filesystem.php(124): Illuminate\\Filesystem\\Filesystem::Illuminate\\Filesystem\\{closure}()
#12 /var/www/agilizando-o-fututo/vendor/laravel/framework/src/Illuminate/View/Engines/PhpEngine.php(58): Illuminate\\Filesystem\\Filesystem->getRequire()
#13 /var/www/agilizando-o-fututo/vendor/laravel/framework/src/Illuminate/View/Engines/CompilerEngine.php(73): Illuminate\\View\\Engines\\PhpEngine->evaluatePath()
#14 /var/www/agilizando-o-fututo/vendor/laravel/framework/src/Illuminate/View/View.php(208): Illuminate\\View\\Engines\\CompilerEngine->get()
#15 /var/www/agilizando-o-fututo/vendor/laravel/framework/src/Illuminate/View/View.php(191): Illuminate\\View\\View->getContents()
#16 /var/www/agilizando-o-fututo/vendor/laravel/framework/src/Illuminate/View/View.php(160): Illuminate\\View\\View->renderContents()
#17 /var/www/agilizando-o-fututo/vendor/laravel/framework/src/Illuminate/Http/Response.php(70): Illuminate\\View\\View->render()
#18 /var/www/agilizando-o-fututo/vendor/laravel/framework/src/Illuminate/Http/Response.php(35): Illuminate\\Http\\Response->setContent()
#19 /var/www/agilizando-o-fututo/vendor/laravel/framework/src/Illuminate/Routing/ResponseFactory.php(58): Illuminate\\Http\\Response->__construct()
#20 /var/www/agilizando-o-fututo/vendor/laravel/framework/src/Illuminate/Routing/ResponseFactory.php(88): Illuminate\\Routing\\ResponseFactory->make()
#21 /var/www/agilizando-o-fututo/vendor/laravel/framework/src/Illuminate/Support/Facades/Facade.php(357): Illuminate\\Routing\\ResponseFactory->view()
#22 /var/www/agilizando-o-fututo/vendor/inertiajs/inertia-laravel/src/Response.php(111): Illuminate\\Support\\Facades\\Facade::__callStatic()
#23 /var/www/agilizando-o-fututo/vendor/laravel/framework/src/Illuminate/Routing/Router.php(900): Inertia\\Response->toResponse()
#24 /var/www/agilizando-o-fututo/vendor/laravel/framework/src/Illuminate/Routing/Router.php(885): Illuminate\\Routing\\Router::toResponse()
#25 /var/www/agilizando-o-fututo/vendor/laravel/framework/src/Illuminate/Routing/Router.php(805): Illuminate\\Routing\\Router->prepareResponse()
#26 /var/www/agilizando-o-fututo/vendor/laravel/framework/src/Illuminate/Pipeline/Pipeline.php(144): Illuminate\\Routing\\Router->Illuminate\\Routing\\{closure}()
#27 /var/www/agilizando-o-fututo/vendor/laravel/framework/src/Illuminate/Http/Middleware/AddLinkHeadersForPreloadedAssets.php(19): Illuminate\\Pipeline\\Pipeline->Illuminate\\Pipeline\\{closure}()
#28 /var/www/agilizando-o-fututo/vendor/laravel/framework/src/Illuminate/Pipeline/Pipeline.php(183): Illuminate\\Http\\Middleware\\AddLinkHeadersForPreloadedAssets->handle()
#29 /var/www/agilizando-o-fututo/vendor/inertiajs/inertia-laravel/src/Middleware.php(87): Illuminate\\Pipeline\\Pipeline->Illuminate\\Pipeline\\{closure}()
#30 /var/www/agilizando-o-fututo/vendor/laravel/framework/src/Illuminate/Pipeline/Pipeline.php(183): Inertia\\Middleware->handle()
#31 /var/www/agilizando-o-fututo/vendor/laravel/framework/src/Illuminate/Routing/Middleware/SubstituteBindings.php(50): Illuminate\\Pipeline\\Pipeline->Illuminate\\Pipeline\\{closure}()
#32 /var/www/agilizando-o-fututo/vendor/laravel/framework/src/Illuminate/Pipeline/Pipeline.php(183): Illuminate\\Routing\\Middleware\\SubstituteBindings->handle()
#33 /var/www/agilizando-o-fututo/vendor/laravel/framework/src/Illuminate/Foundation/Http/Middleware/VerifyCsrfToken.php(88): Illuminate\\Pipeline\\Pipeline->Illuminate\\Pipeline\\{closure}()
#34 /var/www/agilizando-o-fututo/vendor/laravel/framework/src/Illuminate/Pipeline/Pipeline.php(183): Illuminate\\Foundation\\Http\\Middleware\\VerifyCsrfToken->handle()
#35 /var/www/agilizando-o-fututo/vendor/laravel/framework/src/Illuminate/View/Middleware/ShareErrorsFromSession.php(49): Illuminate\\Pipeline\\Pipeline->Illuminate\\Pipeline\\{closure}()
#36 /var/www/agilizando-o-fututo/vendor/laravel/framework/src/Illuminate/Pipeline/Pipeline.php(183): Illuminate\\View\\Middleware\\ShareErrorsFromSession->handle()
#37 /var/www/agilizando-o-fututo/vendor/laravel/framework/src/Illuminate/Session/Middleware/StartSession.php(121): Illuminate\\Pipeline\\Pipeline->Illuminate\\Pipeline\\{closure}()
#38 /var/www/agilizando-o-fututo/vendor/laravel/framework/src/Illuminate/Session/Middleware/StartSession.php(64): Illuminate\\Session\\Middleware\\StartSession->handleStatefulRequest()
#39 /var/www/agilizando-o-fututo/vendor/laravel/framework/src/Illuminate/Pipeline/Pipeline.php(183): Illuminate\\Session\\Middleware\\StartSession->handle()
#40 /var/www/agilizando-o-fututo/vendor/laravel/framework/src/Illuminate/Cookie/Middleware/AddQueuedCookiesToResponse.php(37): Illuminate\\Pipeline\\Pipeline->Illuminate\\Pipeline\\{closure}()
#41 /var/www/agilizando-o-fututo/vendor/laravel/framework/src/Illuminate/Pipeline/Pipeline.php(183): Illuminate\\Cookie\\Middleware\\AddQueuedCookiesToResponse->handle()
#42 /var/www/agilizando-o-fututo/vendor/laravel/framework/src/Illuminate/Cookie/Middleware/EncryptCookies.php(75): Illuminate\\Pipeline\\Pipeline->Illuminate\\Pipeline\\{closure}()
#43 /var/www/agilizando-o-fututo/vendor/laravel/framework/src/Illuminate/Pipeline/Pipeline.php(183): Illuminate\\Cookie\\Middleware\\EncryptCookies->handle()
#44 /var/www/agilizando-o-fututo/vendor/laravel/framework/src/Illuminate/Pipeline/Pipeline.php(119): Illuminate\\Pipeline\\Pipeline->Illuminate\\Pipeline\\{closure}()
#45 /var/www/agilizando-o-fututo/vendor/laravel/framework/src/Illuminate/Routing/Router.php(805): Illuminate\\Pipeline\\Pipeline->then()
#46 /var/www/agilizando-o-fututo/vendor/laravel/framework/src/Illuminate/Routing/Router.php(784): Illuminate\\Routing\\Router->runRouteWithinStack()
#47 /var/www/agilizando-o-fututo/vendor/laravel/framework/src/Illuminate/Routing/Router.php(748): Illuminate\\Routing\\Router->runRoute()
#48 /var/www/agilizando-o-fututo/vendor/laravel/framework/src/Illuminate/Routing/Router.php(737): Illuminate\\Routing\\Router->dispatchToRoute()
#49 /var/www/agilizando-o-fututo/vendor/laravel/framework/src/Illuminate/Foundation/Http/Kernel.php(200): Illuminate\\Routing\\Router->dispatch()
#50 /var/www/agilizando-o-fututo/vendor/laravel/framework/src/Illuminate/Pipeline/Pipeline.php(144): Illuminate\\Foundation\\Http\\Kernel->Illuminate\\Foundation\\Http\\{closure}()
#51 /var/www/agilizando-o-fututo/vendor/laravel/framework/src/Illuminate/Foundation/Http/Middleware/TransformsRequest.php(21): Illuminate\\Pipeline\\Pipeline->Illuminate\\Pipeline\\{closure}()
#52 /var/www/agilizando-o-fututo/vendor/laravel/framework/src/Illuminate/Foundation/Http/Middleware/ConvertEmptyStringsToNull.php(31): Illuminate\\Foundation\\Http\\Middleware\\TransformsRequest->handle()
#53 /var/www/agilizando-o-fututo/vendor/laravel/framework/src/Illuminate/Pipeline/Pipeline.php(183): Illuminate\\Foundation\\Http\\Middleware\\ConvertEmptyStringsToNull->handle()
#54 /var/www/agilizando-o-fututo/vendor/laravel/framework/src/Illuminate/Foundation/Http/Middleware/TransformsRequest.php(21): Illuminate\\Pipeline\\Pipeline->Illuminate\\Pipeline\\{closure}()
#55 /var/www/agilizando-o-fututo/vendor/laravel/framework/src/Illuminate/Foundation/Http/Middleware/TrimStrings.php(51): Illuminate\\Foundation\\Http\\Middleware\\TransformsRequest->handle()
#56 /var/www/agilizando-o-fututo/vendor/laravel/framework/src/Illuminate/Pipeline/Pipeline.php(183): Illuminate\\Foundation\\Http\\Middleware\\TrimStrings->handle()
#57 /var/www/agilizando-o-fututo/vendor/laravel/framework/src/Illuminate/Http/Middleware/ValidatePostSize.php(27): Illuminate\\Pipeline\\Pipeline->Illuminate\\Pipeline\\{closure}()
#58 /var/www/agilizando-o-fututo/vendor/laravel/framework/src/Illuminate/Pipeline/Pipeline.php(183): Illuminate\\Http\\Middleware\\ValidatePostSize->handle()
#59 /var/www/agilizando-o-fututo/vendor/laravel/framework/src/Illuminate/Foundation/Http/Middleware/PreventRequestsDuringMaintenance.php(110): Illuminate\\Pipeline\\Pipeline->Illuminate\\Pipeline\\{closure}()
#60 /var/www/agilizando-o-fututo/vendor/laravel/framework/src/Illuminate/Pipeline/Pipeline.php(183): Illuminate\\Foundation\\Http\\Middleware\\PreventRequestsDuringMaintenance->handle()
#61 /var/www/agilizando-o-fututo/vendor/laravel/framework/src/Illuminate/Http/Middleware/HandleCors.php(49): Illuminate\\Pipeline\\Pipeline->Illuminate\\Pipeline\\{closure}()
#62 /var/www/agilizando-o-fututo/vendor/laravel/framework/src/Illuminate/Pipeline/Pipeline.php(183): Illuminate\\Http\\Middleware\\HandleCors->handle()
#63 /var/www/agilizando-o-fututo/vendor/laravel/framework/src/Illuminate/Http/Middleware/TrustProxies.php(57): Illuminate\\Pipeline\\Pipeline->Illuminate\\Pipeline\\{closure}()
#64 /var/www/agilizando-o-fututo/vendor/laravel/framework/src/Illuminate/Pipeline/Pipeline.php(183): Illuminate\\Http\\Middleware\\TrustProxies->handle()
#65 /var/www/agilizando-o-fututo/vendor/laravel/framework/src/Illuminate/Pipeline/Pipeline.php(119): Illuminate\\Pipeline\\Pipeline->Illuminate\\Pipeline\\{closure}()
#66 /var/www/agilizando-o-fututo/vendor/laravel/framework/src/Illuminate/Foundation/Http/Kernel.php(175): Illuminate\\Pipeline\\Pipeline->then()
#67 /var/www/agilizando-o-fututo/vendor/laravel/framework/src/Illuminate/Foundation/Http/Kernel.php(144): Illuminate\\Foundation\\Http\\Kernel->sendRequestThroughRouter()
#68 /var/www/agilizando-o-fututo/vendor/laravel/framework/src/Illuminate/Foundation/Application.php(1168): Illuminate\\Foundation\\Http\\Kernel->handle()
#69 /var/www/agilizando-o-fututo/public/index.php(17): Illuminate\\Foundation\\Application->handleRequest()
#70 /var/www/agilizando-o-fututo/vendor/laravel/framework/src/Illuminate/Foundation/resources/server.php(16): require_once('...')
#71 {main}

[previous exception] [object] (ParseError(code: 0): syntax error, unexpected token \"<<\", expecting \";\" or \"{\" at /var/www/agilizando-o-fututo/app/Http/Controllers/ContactController.php:23)
[stacktrace]
#0 /var/www/agilizando-o-fututo/vendor/composer/ClassLoader.php(427): Composer\\Autoload\\{closure}()
#1 [internal function]: Composer\\Autoload\\ClassLoader->loadClass()
#2 /var/www/agilizando-o-fututo/vendor/laravel/framework/src/Illuminate/Routing/RouteSignatureParameters.php(46): method_exists()
#3 /var/www/agilizando-o-fututo/vendor/laravel/framework/src/Illuminate/Routing/RouteSignatureParameters.php(26): Illuminate\\Routing\\RouteSignatureParameters::fromClassMethodString()
#4 /var/www/agilizando-o-fututo/vendor/laravel/framework/src/Illuminate/Routing/Route.php(538): Illuminate\\Routing\\RouteSignatureParameters::fromAction()
#5 /var/www/agilizando-o-fututo/vendor/tightenco/ziggy/src/Ziggy.php(198): Illuminate\\Routing\\Route->signatureParameters()
#6 /var/www/agilizando-o-fututo/vendor/tightenco/ziggy/src/Ziggy.php(134): Tighten\\Ziggy\\Ziggy->resolveBindings()
#7 /var/www/agilizando-o-fututo/vendor/tightenco/ziggy/src/Ziggy.php(30): Tighten\\Ziggy\\Ziggy->nameKeyedRoutes()
#8 /var/www/agilizando-o-fututo/vendor/tightenco/ziggy/src/BladeRouteGenerator.php(14): Tighten\\Ziggy\\Ziggy->__construct()
#9 /var/www/agilizando-o-fututo/storage/framework/views/cc11204186d2e7567298da5107134e26.php(14): Tighten\\Ziggy\\BladeRouteGenerator->generate()
#10 /var/www/agilizando-o-fututo/vendor/laravel/framework/src/Illuminate/Filesystem/Filesystem.php(123): require('...')
#11 /var/www/agilizando-o-fututo/vendor/laravel/framework/src/Illuminate/Filesystem/Filesystem.php(124): Illuminate\\Filesystem\\Filesystem::Illuminate\\Filesystem\\{closure}()
#12 /var/www/agilizando-o-fututo/vendor/laravel/framework/src/Illuminate/View/Engines/PhpEngine.php(58): Illuminate\\Filesystem\\Filesystem->getRequire()
#13 /var/www/agilizando-o-fututo/vendor/laravel/framework/src/Illuminate/View/Engines/CompilerEngine.php(73): Illuminate\\View\\Engines\\PhpEngine->evaluatePath()
#14 /var/www/agilizando-o-fututo/vendor/laravel/framework/src/Illuminate/View/View.php(208): Illuminate\\View\\Engines\\CompilerEngine->get()
#15 /var/www/agilizando-o-fututo/vendor/laravel/framework/src/Illuminate/View/View.php(191): Illuminate\\View\\View->getContents()
#16 /var/www/agilizando-o-fututo/vendor/laravel/framework/src/Illuminate/View/View.php(160): Illuminate\\View\\View->renderContents()
#17 /var/www/agilizando-o-fututo/vendor/laravel/framework/src/Illuminate/Http/Response.php(70): Illuminate\\View\\View->render()
#18 /var/www/agilizando-o-fututo/vendor/laravel/framework/src/Illuminate/Http/Response.php(35): Illuminate\\Http\\Response->setContent()
#19 /var/www/agilizando-o-fututo/vendor/laravel/framework/src/Illuminate/Routing/ResponseFactory.php(58): Illuminate\\Http\\Response->__construct()
#20 /var/www/agilizando-o-fututo/vendor/laravel/framework/src/Illuminate/Routing/ResponseFactory.php(88): Illuminate\\Routing\\ResponseFactory->make()
#21 /var/www/agilizando-o-fututo/vendor/laravel/framework/src/Illuminate/Support/Facades/Facade.php(357): Illuminate\\Routing\\ResponseFactory->view()
#22 /var/www/agilizando-o-fututo/vendor/inertiajs/inertia-laravel/src/Response.php(111): Illuminate\\Support\\Facades\\Facade::__callStatic()
#23 /var/www/agilizando-o-fututo/vendor/laravel/framework/src/Illuminate/Routing/Router.php(900): Inertia\\Response->toResponse()
#24 /var/www/agilizando-o-fututo/vendor/laravel/framework/src/Illuminate/Routing/Router.php(885): Illuminate\\Routing\\Router::toResponse()
#25 /var/www/agilizando-o-fututo/vendor/laravel/framework/src/Illuminate/Routing/Router.php(805): Illuminate\\Routing\\Router->prepareResponse()
#26 /var/www/agilizando-o-fututo/vendor/laravel/framework/src/Illuminate/Pipeline/Pipeline.php(144): Illuminate\\Routing\\Router->Illuminate\\Routing\\{closure}()
#27 /var/www/agilizando-o-fututo/vendor/laravel/framework/src/Illuminate/Http/Middleware/AddLinkHeadersForPreloadedAssets.php(19): Illuminate\\Pipeline\\Pipeline->Illuminate\\Pipeline\\{closure}()
#28 /var/www/agilizando-o-fututo/vendor/laravel/framework/src/Illuminate/Pipeline/Pipeline.php(183): Illuminate\\Http\\Middleware\\AddLinkHeadersForPreloadedAssets->handle()
#29 /var/www/agilizando-o-fututo/vendor/inertiajs/inertia-laravel/src/Middleware.php(87): Illuminate\\Pipeline\\Pipeline->Illuminate\\Pipeline\\{closure}()
#30 /var/www/agilizando-o-fututo/vendor/laravel/framework/src/Illuminate/Pipeline/Pipeline.php(183): Inertia\\Middleware->handle()
#31 /var/www/agilizando-o-fututo/vendor/laravel/framework/src/Illuminate/Routing/Middleware/SubstituteBindings.php(50): Illuminate\\Pipeline\\Pipeline->Illuminate\\Pipeline\\{closure}()
#32 /var/www/agilizando-o-fututo/vendor/laravel/framework/src/Illuminate/Pipeline/Pipeline.php(183): Illuminate\\Routing\\Middleware\\SubstituteBindings->handle()
#33 /var/www/agilizando-o-fututo/vendor/laravel/framework/src/Illuminate/Foundation/Http/Middleware/VerifyCsrfToken.php(88): Illuminate\\Pipeline\\Pipeline->Illuminate\\Pipeline\\{closure}()
#34 /var/www/agilizando-o-fututo/vendor/laravel/framework/src/Illuminate/Pipeline/Pipeline.php(183): Illuminate\\Foundation\\Http\\Middleware\\VerifyCsrfToken->handle()
#35 /var/www/agilizando-o-fututo/vendor/laravel/framework/src/Illuminate/View/Middleware/ShareErrorsFromSession.php(49): Illuminate\\Pipeline\\Pipeline->Illuminate\\Pipeline\\{closure}()
#36 /var/www/agilizando-o-fututo/vendor/laravel/framework/src/Illuminate/Pipeline/Pipeline.php(183): Illuminate\\View\\Middleware\\ShareErrorsFromSession->handle()
#37 /var/www/agilizando-o-fututo/vendor/laravel/framework/src/Illuminate/Session/Middleware/StartSession.php(121): Illuminate\\Pipeline\\Pipeline->Illuminate\\Pipeline\\{closure}()
#38 /var/www/agilizando-o-fututo/vendor/laravel/framework/src/Illuminate/Session/Middleware/StartSession.php(64): Illuminate\\Session\\Middleware\\StartSession->handleStatefulRequest()
#39 /var/www/agilizando-o-fututo/vendor/laravel/framework/src/Illuminate/Pipeline/Pipeline.php(183): Illuminate\\Session\\Middleware\\StartSession->handle()
#40 /var/www/agilizando-o-fututo/vendor/laravel/framework/src/Illuminate/Cookie/Middleware/AddQueuedCookiesToResponse.php(37): Illuminate\\Pipeline\\Pipeline->Illuminate\\Pipeline\\{closure}()
#41 /var/www/agilizando-o-fututo/vendor/laravel/framework/src/Illuminate/Pipeline/Pipeline.php(183): Illuminate\\Cookie\\Middleware\\AddQueuedCookiesToResponse->handle()
#42 /var/www/agilizando-o-fututo/vendor/laravel/framework/src/Illuminate/Cookie/Middleware/EncryptCookies.php(75): Illuminate\\Pipeline\\Pipeline->Illuminate\\Pipeline\\{closure}()
#43 /var/www/agilizando-o-fututo/vendor/laravel/framework/src/Illuminate/Pipeline/Pipeline.php(183): Illuminate\\Cookie\\Middleware\\EncryptCookies->handle()
#44 /var/www/agilizando-o-fututo/vendor/laravel/framework/src/Illuminate/Pipeline/Pipeline.php(119): Illuminate\\Pipeline\\Pipeline->Illuminate\\Pipeline\\{closure}()
#45 /var/www/agilizando-o-fututo/vendor/laravel/framework/src/Illuminate/Routing/Router.php(805): Illuminate\\Pipeline\\Pipeline->then()
#46 /var/www/agilizando-o-fututo/vendor/laravel/framework/src/Illuminate/Routing/Router.php(784): Illuminate\\Routing\\Router->runRouteWithinStack()
#47 /var/www/agilizando-o-fututo/vendor/laravel/framework/src/Illuminate/Routing/Router.php(748): Illuminate\\Routing\\Router->runRoute()
#48 /var/www/agilizando-o-fututo/vendor/laravel/framework/src/Illuminate/Routing/Router.php(737): Illuminate\\Routing\\Router->dispatchToRoute()
#49 /var/www/agilizando-o-fututo/vendor/laravel/framework/src/Illuminate/Foundation/Http/Kernel.php(200): Illuminate\\Routing\\Router->dispatch()
#50 /var/www/agilizando-o-fututo/vendor/laravel/framework/src/Illuminate/Pipeline/Pipeline.php(144): Illuminate\\Foundation\\Http\\Kernel->Illuminate\\Foundation\\Http\\{closure}()
#51 /var/www/agilizando-o-fututo/vendor/laravel/framework/src/Illuminate/Foundation/Http/Middleware/TransformsRequest.php(21): Illuminate\\Pipeline\\Pipeline->Illuminate\\Pipeline\\{closure}()
#52 /var/www/agilizando-o-fututo/vendor/laravel/framework/src/Illuminate/Foundation/Http/Middleware/ConvertEmptyStringsToNull.php(31): Illuminate\\Foundation\\Http\\Middleware\\TransformsRequest->handle()
#53 /var/www/agilizando-o-fututo/vendor/laravel/framework/src/Illuminate/Pipeline/Pipeline.php(183): Illuminate\\Foundation\\Http\\Middleware\\ConvertEmptyStringsToNull->handle()
#54 /var/www/agilizando-o-fututo/vendor/laravel/framework/src/Illuminate/Foundation/Http/Middleware/TransformsRequest.php(21): Illuminate\\Pipeline\\Pipeline->Illuminate\\Pipeline\\{closure}()
#55 /var/www/agilizando-o-fututo/vendor/laravel/framework/src/Illuminate/Foundation/Http/Middleware/TrimStrings.php(51): Illuminate\\Foundation\\Http\\Middleware\\TransformsRequest->handle()
#56 /var/www/agilizando-o-fututo/vendor/laravel/framework/src/Illuminate/Pipeline/Pipeline.php(183): Illuminate\\Foundation\\Http\\Middleware\\TrimStrings->handle()
#57 /var/www/agilizando-o-fututo/vendor/laravel/framework/src/Illuminate/Http/Middleware/ValidatePostSize.php(27): Illuminate\\Pipeline\\Pipeline->Illuminate\\Pipeline\\{closure}()
#58 /var/www/agilizando-o-fututo/vendor/laravel/framework/src/Illuminate/Pipeline/Pipeline.php(183): Illuminate\\Http\\Middleware\\ValidatePostSize->handle()
#59 /var/www/agilizando-o-fututo/vendor/laravel/framework/src/Illuminate/Foundation/Http/Middleware/PreventRequestsDuringMaintenance.php(110): Illuminate\\Pipeline\\Pipeline->Illuminate\\Pipeline\\{closure}()
#60 /var/www/agilizando-o-fututo/vendor/laravel/framework/src/Illuminate/Pipeline/Pipeline.php(183): Illuminate\\Foundation\\Http\\Middleware\\PreventRequestsDuringMaintenance->handle()
#61 /var/www/agilizando-o-fututo/vendor/laravel/framework/src/Illuminate/Http/Middleware/HandleCors.php(49): Illuminate\\Pipeline\\Pipeline->Illuminate\\Pipeline\\{closure}()
#62 /var/www/agilizando-o-fututo/vendor/laravel/framework/src/Illuminate/Pipeline/Pipeline.php(183): Illuminate\\Http\\Middleware\\HandleCors->handle()
#63 /var/www/agilizando-o-fututo/vendor/laravel/framework/src/Illuminate/Http/Middleware/TrustProxies.php(57): Illuminate\\Pipeline\\Pipeline->Illuminate\\Pipeline\\{closure}()
#64 /var/www/agilizando-o-fututo/vendor/laravel/framework/src/Illuminate/Pipeline/Pipeline.php(183): Illuminate\\Http\\Middleware\\TrustProxies->handle()
#65 /var/www/agilizando-o-fututo/vendor/laravel/framework/src/Illuminate/Pipeline/Pipeline.php(119): Illuminate\\Pipeline\\Pipeline->Illuminate\\Pipeline\\{closure}()
#66 /var/www/agilizando-o-fututo/vendor/laravel/framework/src/Illuminate/Foundation/Http/Kernel.php(175): Illuminate\\Pipeline\\Pipeline->then()
#67 /var/www/agilizando-o-fututo/vendor/laravel/framework/src/Illuminate/Foundation/Http/Kernel.php(144): Illuminate\\Foundation\\Http\\Kernel->sendRequestThroughRouter()
#68 /var/www/agilizando-o-fututo/vendor/laravel/framework/src/Illuminate/Foundation/Application.php(1168): Illuminate\\Foundation\\Http\\Kernel->handle()
#69 /var/www/agilizando-o-fututo/public/index.php(17): Illuminate\\Foundation\\Application->handleRequest()
#70 /var/www/agilizando-o-fututo/vendor/laravel/framework/src/Illuminate/Foundation/resources/server.php(16): require_once('...')
#71 {main}
"} 
[2024-04-27 11:37:28] local.ERROR: syntax error, unexpected token "<<", expecting "]" {"exception":"[object] (Symfony\\Component\\ErrorHandler\\Error\\FatalError(code: 0): syntax error, unexpected token \"<<\", expecting \"]\" at /var/www/agilizando-o-fututo/app/Models/Contact.php:15)
[stacktrace]
#0 {main}
"} 
[2024-04-27 11:38:28] local.ERROR: syntax error, unexpected token "<<", expecting "]" {"exception":"[object] (Symfony\\Component\\ErrorHandler\\Error\\FatalError(code: 0): syntax error, unexpected token \"<<\", expecting \"]\" at /var/www/agilizando-o-fututo/app/Models/Contact.php:15)
[stacktrace]
#0 {main}
"} 
[2024-04-27 11:39:28] local.ERROR: syntax error, unexpected token "<<", expecting "]" {"exception":"[object] (Symfony\\Component\\ErrorHandler\\Error\\FatalError(code: 0): syntax error, unexpected token \"<<\", expecting \"]\" at /var/www/agilizando-o-fututo/app/Models/Contact.php:15)
[stacktrace]
#0 {main}
"} 
[2024-04-27 11:40:28] local.ERROR: syntax error, unexpected token "<<", expecting "]" {"exception":"[object] (Symfony\\Component\\ErrorHandler\\Error\\FatalError(code: 0): syntax error, unexpected token \"<<\", expecting \"]\" at /var/www/agilizando-o-fututo/app/Models/Contact.php:15)
[stacktrace]
#0 {main}
"} 
[2024-04-27 11:41:28] local.ERROR: syntax error, unexpected token "<<", expecting "]" {"exception":"[object] (Symfony\\Component\\ErrorHandler\\Error\\FatalError(code: 0): syntax error, unexpected token \"<<\", expecting \"]\" at /var/www/agilizando-o-fututo/app/Models/Contact.php:15)
[stacktrace]
#0 {main}
"} 
[2024-04-27 11:42:28] local.ERROR: syntax error, unexpected token "<<", expecting "]" {"exception":"[object] (Symfony\\Component\\ErrorHandler\\Error\\FatalError(code: 0): syntax error, unexpected token \"<<\", expecting \"]\" at /var/www/agilizando-o-fututo/app/Models/Contact.php:15)
[stacktrace]
#0 {main}
"} 
[2024-04-27 11:43:28] local.ERROR: syntax error, unexpected token "<<", expecting "]" {"exception":"[object] (Symfony\\Component\\ErrorHandler\\Error\\FatalError(code: 0): syntax error, unexpected token \"<<\", expecting \"]\" at /var/www/agilizando-o-fututo/app/Models/Contact.php:15)
[stacktrace]
#0 {main}
"} 
[2024-04-27 11:44:28] local.ERROR: syntax error, unexpected token "<<", expecting "]" {"exception":"[object] (Symfony\\Component\\ErrorHandler\\Error\\FatalError(code: 0): syntax error, unexpected token \"<<\", expecting \"]\" at /var/www/agilizando-o-fututo/app/Models/Contact.php:15)
[stacktrace]
#0 {main}
"} 
[2024-04-27 11:53:14] local.ERROR: There are no commands defined in the "optmize" namespace.

Did you mean this?
    optimize {"exception":"[object] (Symfony\\Component\\Console\\Exception\\NamespaceNotFoundException(code: 0): There are no commands defined in the \"optmize\" namespace.

Did you mean this?
    optimize at /var/www/agilizando-o-fututo/vendor/symfony/console/Application.php:638)
[stacktrace]
#0 /var/www/agilizando-o-fututo/vendor/symfony/console/Application.php(687): Symfony\\Component\\Console\\Application->findNamespace()
#1 /var/www/agilizando-o-fututo/vendor/symfony/console/Application.php(260): Symfony\\Component\\Console\\Application->find()
#2 /var/www/agilizando-o-fututo/vendor/symfony/console/Application.php(169): Symfony\\Component\\Console\\Application->doRun()
#3 /var/www/agilizando-o-fututo/vendor/laravel/framework/src/Illuminate/Foundation/Console/Kernel.php(196): Symfony\\Component\\Console\\Application->run()
#4 /var/www/agilizando-o-fututo/vendor/laravel/framework/src/Illuminate/Foundation/Application.php(1183): Illuminate\\Foundation\\Console\\Kernel->handle()
#5 /var/www/agilizando-o-fututo/artisan(13): Illuminate\\Foundation\\Application->handleCommand()
#6 {main}
"} 
[2024-04-27 12:02:13] local.ERROR: Target class [App\Services\ContactService] does not exist. {"exception":"[object] (Illuminate\\Contracts\\Container\\BindingResolutionException(code: 0): Target class [App\\Services\\ContactService] does not exist. at /var/www/agilizando-o-fututo/vendor/laravel/framework/src/Illuminate/Container/Container.php:906)
[stacktrace]
#0 /var/www/agilizando-o-fututo/vendor/laravel/framework/src/Illuminate/Container/Container.php(787): Illuminate\\Container\\Container->build()
#1 /var/www/agilizando-o-fututo/vendor/laravel/framework/src/Illuminate/Foundation/Application.php(1026): Illuminate\\Container\\Container->resolve()
#2 /var/www/agilizando-o-fututo/vendor/laravel/framework/src/Illuminate/Container/Container.php(723): Illuminate\\Foundation\\Application->resolve()
#3 /var/www/agilizando-o-fututo/vendor/laravel/framework/src/Illuminate/Foundation/Application.php(1011): Illuminate\\Container\\Container->make()
#4 /var/www/agilizando-o-fututo/vendor/laravel/framework/src/Illuminate/Container/Container.php(1058): Illuminate\\Foundation\\Application->make()
#5 /var/www/agilizando-o-fututo/vendor/laravel/framework/src/Illuminate/Container/Container.php(974): Illuminate\\Container\\Container->resolveClass()
#6 /var/www/agilizando-o-fututo/vendor/laravel/framework/src/Illuminate/Container/Container.php(935): Illuminate\\Container\\Container->resolveDependencies()
#7 /var/www/agilizando-o-fututo/vendor/laravel/framework/src/Illuminate/Container/Container.php(787): Illuminate\\Container\\Container->build()
#8 /var/www/agilizando-o-fututo/vendor/laravel/framework/src/Illuminate/Foundation/Application.php(1026): Illuminate\\Container\\Container->resolve()
#9 /var/www/agilizando-o-fututo/vendor/laravel/framework/src/Illuminate/Container/Container.php(723): Illuminate\\Foundation\\Application->resolve()
#10 /var/www/agilizando-o-fututo/vendor/laravel/framework/src/Illuminate/Foundation/Application.php(1011): Illuminate\\Container\\Container->make()
#11 /var/www/agilizando-o-fututo/vendor/laravel/framework/src/Illuminate/Routing/Route.php(279): Illuminate\\Foundation\\Application->make()
#12 /var/www/agilizando-o-fututo/vendor/laravel/framework/src/Illuminate/Routing/Route.php(261): Illuminate\\Routing\\Route->getController()
#13 /var/www/agilizando-o-fututo/vendor/laravel/framework/src/Illuminate/Routing/Route.php(206): Illuminate\\Routing\\Route->runController()
#14 /var/www/agilizando-o-fututo/vendor/laravel/framework/src/Illuminate/Routing/Router.php(806): Illuminate\\Routing\\Route->run()
#15 /var/www/agilizando-o-fututo/vendor/laravel/framework/src/Illuminate/Pipeline/Pipeline.php(144): Illuminate\\Routing\\Router->Illuminate\\Routing\\{closure}()
#16 /var/www/agilizando-o-fututo/vendor/laravel/framework/src/Illuminate/Http/Middleware/AddLinkHeadersForPreloadedAssets.php(19): Illuminate\\Pipeline\\Pipeline->Illuminate\\Pipeline\\{closure}()
#17 /var/www/agilizando-o-fututo/vendor/laravel/framework/src/Illuminate/Pipeline/Pipeline.php(183): Illuminate\\Http\\Middleware\\AddLinkHeadersForPreloadedAssets->handle()
#18 /var/www/agilizando-o-fututo/vendor/inertiajs/inertia-laravel/src/Middleware.php(87): Illuminate\\Pipeline\\Pipeline->Illuminate\\Pipeline\\{closure}()
#19 /var/www/agilizando-o-fututo/vendor/laravel/framework/src/Illuminate/Pipeline/Pipeline.php(183): Inertia\\Middleware->handle()
#20 /var/www/agilizando-o-fututo/vendor/laravel/framework/src/Illuminate/Routing/Middleware/SubstituteBindings.php(50): Illuminate\\Pipeline\\Pipeline->Illuminate\\Pipeline\\{closure}()
#21 /var/www/agilizando-o-fututo/vendor/laravel/framework/src/Illuminate/Pipeline/Pipeline.php(183): Illuminate\\Routing\\Middleware\\SubstituteBindings->handle()
#22 /var/www/agilizando-o-fututo/vendor/laravel/framework/src/Illuminate/Foundation/Http/Middleware/VerifyCsrfToken.php(88): Illuminate\\Pipeline\\Pipeline->Illuminate\\Pipeline\\{closure}()
#23 /var/www/agilizando-o-fututo/vendor/laravel/framework/src/Illuminate/Pipeline/Pipeline.php(183): Illuminate\\Foundation\\Http\\Middleware\\VerifyCsrfToken->handle()
#24 /var/www/agilizando-o-fututo/vendor/laravel/framework/src/Illuminate/View/Middleware/ShareErrorsFromSession.php(49): Illuminate\\Pipeline\\Pipeline->Illuminate\\Pipeline\\{closure}()
#25 /var/www/agilizando-o-fututo/vendor/laravel/framework/src/Illuminate/Pipeline/Pipeline.php(183): Illuminate\\View\\Middleware\\ShareErrorsFromSession->handle()
#26 /var/www/agilizando-o-fututo/vendor/laravel/framework/src/Illuminate/Session/Middleware/StartSession.php(121): Illuminate\\Pipeline\\Pipeline->Illuminate\\Pipeline\\{closure}()
#27 /var/www/agilizando-o-fututo/vendor/laravel/framework/src/Illuminate/Session/Middleware/StartSession.php(64): Illuminate\\Session\\Middleware\\StartSession->handleStatefulRequest()
#28 /var/www/agilizando-o-fututo/vendor/laravel/framework/src/Illuminate/Pipeline/Pipeline.php(183): Illuminate\\Session\\Middleware\\StartSession->handle()
#29 /var/www/agilizando-o-fututo/vendor/laravel/framework/src/Illuminate/Cookie/Middleware/AddQueuedCookiesToResponse.php(37): Illuminate\\Pipeline\\Pipeline->Illuminate\\Pipeline\\{closure}()
#30 /var/www/agilizando-o-fututo/vendor/laravel/framework/src/Illuminate/Pipeline/Pipeline.php(183): Illuminate\\Cookie\\Middleware\\AddQueuedCookiesToResponse->handle()
#31 /var/www/agilizando-o-fututo/vendor/laravel/framework/src/Illuminate/Cookie/Middleware/EncryptCookies.php(75): Illuminate\\Pipeline\\Pipeline->Illuminate\\Pipeline\\{closure}()
#32 /var/www/agilizando-o-fututo/vendor/laravel/framework/src/Illuminate/Pipeline/Pipeline.php(183): Illuminate\\Cookie\\Middleware\\EncryptCookies->handle()
#33 /var/www/agilizando-o-fututo/vendor/laravel/framework/src/Illuminate/Pipeline/Pipeline.php(119): Illuminate\\Pipeline\\Pipeline->Illuminate\\Pipeline\\{closure}()
#34 /var/www/agilizando-o-fututo/vendor/laravel/framework/src/Illuminate/Routing/Router.php(805): Illuminate\\Pipeline\\Pipeline->then()
#35 /var/www/agilizando-o-fututo/vendor/laravel/framework/src/Illuminate/Routing/Router.php(784): Illuminate\\Routing\\Router->runRouteWithinStack()
#36 /var/www/agilizando-o-fututo/vendor/laravel/framework/src/Illuminate/Routing/Router.php(748): Illuminate\\Routing\\Router->runRoute()
#37 /var/www/agilizando-o-fututo/vendor/laravel/framework/src/Illuminate/Routing/Router.php(737): Illuminate\\Routing\\Router->dispatchToRoute()
#38 /var/www/agilizando-o-fututo/vendor/laravel/framework/src/Illuminate/Foundation/Http/Kernel.php(200): Illuminate\\Routing\\Router->dispatch()
#39 /var/www/agilizando-o-fututo/vendor/laravel/framework/src/Illuminate/Pipeline/Pipeline.php(144): Illuminate\\Foundation\\Http\\Kernel->Illuminate\\Foundation\\Http\\{closure}()
#40 /var/www/agilizando-o-fututo/vendor/laravel/framework/src/Illuminate/Foundation/Http/Middleware/TransformsRequest.php(21): Illuminate\\Pipeline\\Pipeline->Illuminate\\Pipeline\\{closure}()
#41 /var/www/agilizando-o-fututo/vendor/laravel/framework/src/Illuminate/Foundation/Http/Middleware/ConvertEmptyStringsToNull.php(31): Illuminate\\Foundation\\Http\\Middleware\\TransformsRequest->handle()
#42 /var/www/agilizando-o-fututo/vendor/laravel/framework/src/Illuminate/Pipeline/Pipeline.php(183): Illuminate\\Foundation\\Http\\Middleware\\ConvertEmptyStringsToNull->handle()
#43 /var/www/agilizando-o-fututo/vendor/laravel/framework/src/Illuminate/Foundation/Http/Middleware/TransformsRequest.php(21): Illuminate\\Pipeline\\Pipeline->Illuminate\\Pipeline\\{closure}()
#44 /var/www/agilizando-o-fututo/vendor/laravel/framework/src/Illuminate/Foundation/Http/Middleware/TrimStrings.php(51): Illuminate\\Foundation\\Http\\Middleware\\TransformsRequest->handle()
#45 /var/www/agilizando-o-fututo/vendor/laravel/framework/src/Illuminate/Pipeline/Pipeline.php(183): Illuminate\\Foundation\\Http\\Middleware\\TrimStrings->handle()
#46 /var/www/agilizando-o-fututo/vendor/laravel/framework/src/Illuminate/Http/Middleware/ValidatePostSize.php(27): Illuminate\\Pipeline\\Pipeline->Illuminate\\Pipeline\\{closure}()
#47 /var/www/agilizando-o-fututo/vendor/laravel/framework/src/Illuminate/Pipeline/Pipeline.php(183): Illuminate\\Http\\Middleware\\ValidatePostSize->handle()
#48 /var/www/agilizando-o-fututo/vendor/laravel/framework/src/Illuminate/Foundation/Http/Middleware/PreventRequestsDuringMaintenance.php(110): Illuminate\\Pipeline\\Pipeline->Illuminate\\Pipeline\\{closure}()
#49 /var/www/agilizando-o-fututo/vendor/laravel/framework/src/Illuminate/Pipeline/Pipeline.php(183): Illuminate\\Foundation\\Http\\Middleware\\PreventRequestsDuringMaintenance->handle()
#50 /var/www/agilizando-o-fututo/vendor/laravel/framework/src/Illuminate/Http/Middleware/HandleCors.php(49): Illuminate\\Pipeline\\Pipeline->Illuminate\\Pipeline\\{closure}()
#51 /var/www/agilizando-o-fututo/vendor/laravel/framework/src/Illuminate/Pipeline/Pipeline.php(183): Illuminate\\Http\\Middleware\\HandleCors->handle()
#52 /var/www/agilizando-o-fututo/vendor/laravel/framework/src/Illuminate/Http/Middleware/TrustProxies.php(57): Illuminate\\Pipeline\\Pipeline->Illuminate\\Pipeline\\{closure}()
#53 /var/www/agilizando-o-fututo/vendor/laravel/framework/src/Illuminate/Pipeline/Pipeline.php(183): Illuminate\\Http\\Middleware\\TrustProxies->handle()
#54 /var/www/agilizando-o-fututo/vendor/laravel/framework/src/Illuminate/Pipeline/Pipeline.php(119): Illuminate\\Pipeline\\Pipeline->Illuminate\\Pipeline\\{closure}()
#55 /var/www/agilizando-o-fututo/vendor/laravel/framework/src/Illuminate/Foundation/Http/Kernel.php(175): Illuminate\\Pipeline\\Pipeline->then()
#56 /var/www/agilizando-o-fututo/vendor/laravel/framework/src/Illuminate/Foundation/Http/Kernel.php(144): Illuminate\\Foundation\\Http\\Kernel->sendRequestThroughRouter()
#57 /var/www/agilizando-o-fututo/vendor/laravel/framework/src/Illuminate/Foundation/Application.php(1168): Illuminate\\Foundation\\Http\\Kernel->handle()
#58 /var/www/agilizando-o-fututo/public/index.php(17): Illuminate\\Foundation\\Application->handleRequest()
#59 /var/www/agilizando-o-fututo/vendor/laravel/framework/src/Illuminate/Foundation/resources/server.php(16): require_once('...')
#60 {main}

[previous exception] [object] (ReflectionException(code: -1): Class \"App\\Services\\ContactService\" does not exist at /var/www/agilizando-o-fututo/vendor/laravel/framework/src/Illuminate/Container/Container.php:904)
[stacktrace]
#0 /var/www/agilizando-o-fututo/vendor/laravel/framework/src/Illuminate/Container/Container.php(904): ReflectionClass->__construct()
#1 /var/www/agilizando-o-fututo/vendor/laravel/framework/src/Illuminate/Container/Container.php(787): Illuminate\\Container\\Container->build()
#2 /var/www/agilizando-o-fututo/vendor/laravel/framework/src/Illuminate/Foundation/Application.php(1026): Illuminate\\Container\\Container->resolve()
#3 /var/www/agilizando-o-fututo/vendor/laravel/framework/src/Illuminate/Container/Container.php(723): Illuminate\\Foundation\\Application->resolve()
#4 /var/www/agilizando-o-fututo/vendor/laravel/framework/src/Illuminate/Foundation/Application.php(1011): Illuminate\\Container\\Container->make()
#5 /var/www/agilizando-o-fututo/vendor/laravel/framework/src/Illuminate/Container/Container.php(1058): Illuminate\\Foundation\\Application->make()
#6 /var/www/agilizando-o-fututo/vendor/laravel/framework/src/Illuminate/Container/Container.php(974): Illuminate\\Container\\Container->resolveClass()
#7 /var/www/agilizando-o-fututo/vendor/laravel/framework/src/Illuminate/Container/Container.php(935): Illuminate\\Container\\Container->resolveDependencies()
#8 /var/www/agilizando-o-fututo/vendor/laravel/framework/src/Illuminate/Container/Container.php(787): Illuminate\\Container\\Container->build()
#9 /var/www/agilizando-o-fututo/vendor/laravel/framework/src/Illuminate/Foundation/Application.php(1026): Illuminate\\Container\\Container->resolve()
#10 /var/www/agilizando-o-fututo/vendor/laravel/framework/src/Illuminate/Container/Container.php(723): Illuminate\\Foundation\\Application->resolve()
#11 /var/www/agilizando-o-fututo/vendor/laravel/framework/src/Illuminate/Foundation/Application.php(1011): Illuminate\\Container\\Container->make()
#12 /var/www/agilizando-o-fututo/vendor/laravel/framework/src/Illuminate/Routing/Route.php(279): Illuminate\\Foundation\\Application->make()
#13 /var/www/agilizando-o-fututo/vendor/laravel/framework/src/Illuminate/Routing/Route.php(261): Illuminate\\Routing\\Route->getController()
#14 /var/www/agilizando-o-fututo/vendor/laravel/framework/src/Illuminate/Routing/Route.php(206): Illuminate\\Routing\\Route->runController()
#15 /var/www/agilizando-o-fututo/vendor/laravel/framework/src/Illuminate/Routing/Router.php(806): Illuminate\\Routing\\Route->run()
#16 /var/www/agilizando-o-fututo/vendor/laravel/framework/src/Illuminate/Pipeline/Pipeline.php(144): Illuminate\\Routing\\Router->Illuminate\\Routing\\{closure}()
#17 /var/www/agilizando-o-fututo/vendor/laravel/framework/src/Illuminate/Http/Middleware/AddLinkHeadersForPreloadedAssets.php(19): Illuminate\\Pipeline\\Pipeline->Illuminate\\Pipeline\\{closure}()
#18 /var/www/agilizando-o-fututo/vendor/laravel/framework/src/Illuminate/Pipeline/Pipeline.php(183): Illuminate\\Http\\Middleware\\AddLinkHeadersForPreloadedAssets->handle()
#19 /var/www/agilizando-o-fututo/vendor/inertiajs/inertia-laravel/src/Middleware.php(87): Illuminate\\Pipeline\\Pipeline->Illuminate\\Pipeline\\{closure}()
#20 /var/www/agilizando-o-fututo/vendor/laravel/framework/src/Illuminate/Pipeline/Pipeline.php(183): Inertia\\Middleware->handle()
#21 /var/www/agilizando-o-fututo/vendor/laravel/framework/src/Illuminate/Routing/Middleware/SubstituteBindings.php(50): Illuminate\\Pipeline\\Pipeline->Illuminate\\Pipeline\\{closure}()
#22 /var/www/agilizando-o-fututo/vendor/laravel/framework/src/Illuminate/Pipeline/Pipeline.php(183): Illuminate\\Routing\\Middleware\\SubstituteBindings->handle()
#23 /var/www/agilizando-o-fututo/vendor/laravel/framework/src/Illuminate/Foundation/Http/Middleware/VerifyCsrfToken.php(88): Illuminate\\Pipeline\\Pipeline->Illuminate\\Pipeline\\{closure}()
#24 /var/www/agilizando-o-fututo/vendor/laravel/framework/src/Illuminate/Pipeline/Pipeline.php(183): Illuminate\\Foundation\\Http\\Middleware\\VerifyCsrfToken->handle()
#25 /var/www/agilizando-o-fututo/vendor/laravel/framework/src/Illuminate/View/Middleware/ShareErrorsFromSession.php(49): Illuminate\\Pipeline\\Pipeline->Illuminate\\Pipeline\\{closure}()
#26 /var/www/agilizando-o-fututo/vendor/laravel/framework/src/Illuminate/Pipeline/Pipeline.php(183): Illuminate\\View\\Middleware\\ShareErrorsFromSession->handle()
#27 /var/www/agilizando-o-fututo/vendor/laravel/framework/src/Illuminate/Session/Middleware/StartSession.php(121): Illuminate\\Pipeline\\Pipeline->Illuminate\\Pipeline\\{closure}()
#28 /var/www/agilizando-o-fututo/vendor/laravel/framework/src/Illuminate/Session/Middleware/StartSession.php(64): Illuminate\\Session\\Middleware\\StartSession->handleStatefulRequest()
#29 /var/www/agilizando-o-fututo/vendor/laravel/framework/src/Illuminate/Pipeline/Pipeline.php(183): Illuminate\\Session\\Middleware\\StartSession->handle()
#30 /var/www/agilizando-o-fututo/vendor/laravel/framework/src/Illuminate/Cookie/Middleware/AddQueuedCookiesToResponse.php(37): Illuminate\\Pipeline\\Pipeline->Illuminate\\Pipeline\\{closure}()
#31 /var/www/agilizando-o-fututo/vendor/laravel/framework/src/Illuminate/Pipeline/Pipeline.php(183): Illuminate\\Cookie\\Middleware\\AddQueuedCookiesToResponse->handle()
#32 /var/www/agilizando-o-fututo/vendor/laravel/framework/src/Illuminate/Cookie/Middleware/EncryptCookies.php(75): Illuminate\\Pipeline\\Pipeline->Illuminate\\Pipeline\\{closure}()
#33 /var/www/agilizando-o-fututo/vendor/laravel/framework/src/Illuminate/Pipeline/Pipeline.php(183): Illuminate\\Cookie\\Middleware\\EncryptCookies->handle()
#34 /var/www/agilizando-o-fututo/vendor/laravel/framework/src/Illuminate/Pipeline/Pipeline.php(119): Illuminate\\Pipeline\\Pipeline->Illuminate\\Pipeline\\{closure}()
#35 /var/www/agilizando-o-fututo/vendor/laravel/framework/src/Illuminate/Routing/Router.php(805): Illuminate\\Pipeline\\Pipeline->then()
#36 /var/www/agilizando-o-fututo/vendor/laravel/framework/src/Illuminate/Routing/Router.php(784): Illuminate\\Routing\\Router->runRouteWithinStack()
#37 /var/www/agilizando-o-fututo/vendor/laravel/framework/src/Illuminate/Routing/Router.php(748): Illuminate\\Routing\\Router->runRoute()
#38 /var/www/agilizando-o-fututo/vendor/laravel/framework/src/Illuminate/Routing/Router.php(737): Illuminate\\Routing\\Router->dispatchToRoute()
#39 /var/www/agilizando-o-fututo/vendor/laravel/framework/src/Illuminate/Foundation/Http/Kernel.php(200): Illuminate\\Routing\\Router->dispatch()
#40 /var/www/agilizando-o-fututo/vendor/laravel/framework/src/Illuminate/Pipeline/Pipeline.php(144): Illuminate\\Foundation\\Http\\Kernel->Illuminate\\Foundation\\Http\\{closure}()
#41 /var/www/agilizando-o-fututo/vendor/laravel/framework/src/Illuminate/Foundation/Http/Middleware/TransformsRequest.php(21): Illuminate\\Pipeline\\Pipeline->Illuminate\\Pipeline\\{closure}()
#42 /var/www/agilizando-o-fututo/vendor/laravel/framework/src/Illuminate/Foundation/Http/Middleware/ConvertEmptyStringsToNull.php(31): Illuminate\\Foundation\\Http\\Middleware\\TransformsRequest->handle()
#43 /var/www/agilizando-o-fututo/vendor/laravel/framework/src/Illuminate/Pipeline/Pipeline.php(183): Illuminate\\Foundation\\Http\\Middleware\\ConvertEmptyStringsToNull->handle()
#44 /var/www/agilizando-o-fututo/vendor/laravel/framework/src/Illuminate/Foundation/Http/Middleware/TransformsRequest.php(21): Illuminate\\Pipeline\\Pipeline->Illuminate\\Pipeline\\{closure}()
#45 /var/www/agilizando-o-fututo/vendor/laravel/framework/src/Illuminate/Foundation/Http/Middleware/TrimStrings.php(51): Illuminate\\Foundation\\Http\\Middleware\\TransformsRequest->handle()
#46 /var/www/agilizando-o-fututo/vendor/laravel/framework/src/Illuminate/Pipeline/Pipeline.php(183): Illuminate\\Foundation\\Http\\Middleware\\TrimStrings->handle()
#47 /var/www/agilizando-o-fututo/vendor/laravel/framework/src/Illuminate/Http/Middleware/ValidatePostSize.php(27): Illuminate\\Pipeline\\Pipeline->Illuminate\\Pipeline\\{closure}()
#48 /var/www/agilizando-o-fututo/vendor/laravel/framework/src/Illuminate/Pipeline/Pipeline.php(183): Illuminate\\Http\\Middleware\\ValidatePostSize->handle()
#49 /var/www/agilizando-o-fututo/vendor/laravel/framework/src/Illuminate/Foundation/Http/Middleware/PreventRequestsDuringMaintenance.php(110): Illuminate\\Pipeline\\Pipeline->Illuminate\\Pipeline\\{closure}()
#50 /var/www/agilizando-o-fututo/vendor/laravel/framework/src/Illuminate/Pipeline/Pipeline.php(183): Illuminate\\Foundation\\Http\\Middleware\\PreventRequestsDuringMaintenance->handle()
#51 /var/www/agilizando-o-fututo/vendor/laravel/framework/src/Illuminate/Http/Middleware/HandleCors.php(49): Illuminate\\Pipeline\\Pipeline->Illuminate\\Pipeline\\{closure}()
#52 /var/www/agilizando-o-fututo/vendor/laravel/framework/src/Illuminate/Pipeline/Pipeline.php(183): Illuminate\\Http\\Middleware\\HandleCors->handle()
#53 /var/www/agilizando-o-fututo/vendor/laravel/framework/src/Illuminate/Http/Middleware/TrustProxies.php(57): Illuminate\\Pipeline\\Pipeline->Illuminate\\Pipeline\\{closure}()
#54 /var/www/agilizando-o-fututo/vendor/laravel/framework/src/Illuminate/Pipeline/Pipeline.php(183): Illuminate\\Http\\Middleware\\TrustProxies->handle()
#55 /var/www/agilizando-o-fututo/vendor/laravel/framework/src/Illuminate/Pipeline/Pipeline.php(119): Illuminate\\Pipeline\\Pipeline->Illuminate\\Pipeline\\{closure}()
#56 /var/www/agilizando-o-fututo/vendor/laravel/framework/src/Illuminate/Foundation/Http/Kernel.php(175): Illuminate\\Pipeline\\Pipeline->then()
#57 /var/www/agilizando-o-fututo/vendor/laravel/framework/src/Illuminate/Foundation/Http/Kernel.php(144): Illuminate\\Foundation\\Http\\Kernel->sendRequestThroughRouter()
#58 /var/www/agilizando-o-fututo/vendor/laravel/framework/src/Illuminate/Foundation/Application.php(1168): Illuminate\\Foundation\\Http\\Kernel->handle()
#59 /var/www/agilizando-o-fututo/public/index.php(17): Illuminate\\Foundation\\Application->handleRequest()
#60 /var/www/agilizando-o-fututo/vendor/laravel/framework/src/Illuminate/Foundation/resources/server.php(16): require_once('...')
#61 {main}
"} 
[2024-04-27 12:18:53] local.INFO: Contato criado com sucesso! IP do cliente: 127.0.0.1  
[2024-04-27 12:22:24] local.INFO: Contato criado com sucesso! IP do cliente: 127.0.0.1  
[2024-04-27 12:23:45] local.INFO: Contato criado com sucesso! IP do cliente: 127.0.0.1  
[2024-04-27 12:25:59] local.INFO: Contato criado com sucesso! IP do cliente: 127.0.0.1  
[2024-04-27 12:33:46] local.INFO: Contato criado com sucesso! IP do cliente: 127.0.0.1  
